<?xml version="1.0" encoding="UTF-8"?>
<testsuites name="Cari data karyawan" time="2005.769" tests="20" failures="0" errors="0">
   <testsuite name="Cari data karyawan" tests="20" failures="0" errors="0" time="2005.769" skipped="0" timestamp="09-12-2024T18:00:11" hostname="TESTER$ - Tester" id="Test Suites/Cari data karyawan">
      <properties>
         <property name="deviceName" value=""/>
         <property name="devicePlatform"/>
         <property name="logFolder" value="C:\\Users\\rafki\\git\\automationTesting\\Reports\\20241209_173237\\Cari data karyawan\\20241209_173328"/>
         <property name="logFiles" value="C:\\Users\\rafki\\git\\automationTesting\\Reports\\20241209_173237\\Cari data karyawan\\20241209_173328\\execution0.log"/>
         <property name="attachments" value=""/>
         <property name="hostName" value="TESTER$ - Tester"/>
         <property name="os" value="Windows 11 64bit"/>
         <property name="katalonVersion" value="10.0.1.223"/>
         <property name="browser" value="Chrome 131.0.0.0"/>
         <property name="hostAddress" value="192.168.0.46"/>
         <property name="sessionId" value="d1b2b9df53722c8017c0559170dbb354"/>
         <property name="seleniumVersion" value="4.22.0"/>
         <property name="proxyInformation" value="ProxyInformation { proxyOption=NO_PROXY, proxyServerType=HTTP, username=, password=********, proxyServerAddress=, proxyServerPort=0, executionList=&quot;&quot;, isApplyToDesiredCapabilities=true }"/>
         <property name="platform" value="Windows 11"/>
      </properties>
      <testcase name="Test Cases/TC - TK 004/TC 002 Buat data karyawan" time="116.318" classname="Test Cases/TC - TK 004/TC 002 Buat data karyawan" status="PASSED">
         <system-out><![CDATA[09-12-2024T18:00:13 - [TEST_CASE][PASSED] - Test Cases/TC - TK 004/TC 002 Buat data karyawan: Test Cases/TC - TK 004/TC 002 Buat data karyawan

09-12-2024T18:00:18 - [TEST_STEP][PASSED] - callTestCase(findTestCase("TC - LW 002/TC 001 Login berhasil"), [:], STOP_ON_FAILURE): Call Test Case 'Test Cases/TC - LW 002/TC 001 Login berhasil' successfully

09-12-2024T18:00:19 - [TEST_CASE][PASSED] - Test Cases/TC - LW 002/TC 001 Login berhasil: Test Cases/TC - LW 002/TC 001 Login berhasil

09-12-2024T18:00:20 - [TEST_STEP][PASSED] - callTestCase(findTestCase("TC - OW 001/TC 001 Link website benar"), [:], STOP_ON_FAILURE): Call Test Case 'Test Cases/TC - OW 001/TC 001 Link website benar' successfully

09-12-2024T18:00:20 - [TEST_CASE][PASSED] - Test Cases/TC - OW 001/TC 001 Link website benar: Test Cases/TC - OW 001/TC 001 Link website benar

09-12-2024T18:00:21 - [TEST_STEP][PASSED] - openBrowser("https://opensource-demo.orangehrmlive.com/web/index.php/"): Browser is opened with url: 'https://opensource-demo.orangehrmlive.com/web/index.php/'

09-12-2024T18:00:22 - [MESSAGE][INFO] - Starting 'Chrome' driver

09-12-2024T18:00:23 - [MESSAGE][INFO] - Action delay is set to 0 milliseconds

09-12-2024T18:01:05 - [MESSAGE][PASSED] - Browser is opened with url: 'https://opensource-demo.orangehrmlive.com/web/index.php/'

09-12-2024T18:01:05 - [TEST_STEP][PASSED] - maximizeWindow(): Current window maximized

09-12-2024T18:01:06 - [MESSAGE][PASSED] - Current window maximized

09-12-2024T18:01:06 - [TEST_STEP][PASSED] - verifyElementPresent(findTestObject("Login/textLogin"), 0): Object 'Object Repository/Login/textLogin' is present

09-12-2024T18:01:07 - [MESSAGE][WARNING] - Timeout '0' is invalid. Using default page load timeout: '30'

09-12-2024T18:01:08 - [MESSAGE][PASSED] - Object 'Object Repository/Login/textLogin' is present

09-12-2024T18:01:08 - [MESSAGE][PASSED] - Call Test Case 'Test Cases/TC - OW 001/TC 001 Link website benar' successfully

09-12-2024T18:01:08 - [TEST_STEP][PASSED] - click(findTestObject("Login/inputUsername")): Object: 'Object Repository/Login/inputUsername' is clicked on

09-12-2024T18:01:10 - [MESSAGE][PASSED] - Object: 'Object Repository/Login/inputUsername' is clicked on

09-12-2024T18:01:10 - [TEST_STEP][PASSED] - setText(findTestObject("Login/inputUsername"), "admin"): Text 'admin' is set on object 'Object Repository/Login/inputUsername'

09-12-2024T18:01:12 - [MESSAGE][PASSED] - Text 'admin' is set on object 'Object Repository/Login/inputUsername'

09-12-2024T18:01:12 - [TEST_STEP][PASSED] - click(findTestObject("Login/inputPaasword")): Object: 'Object Repository/Login/inputPaasword' is clicked on

09-12-2024T18:01:14 - [MESSAGE][PASSED] - Object: 'Object Repository/Login/inputPaasword' is clicked on

09-12-2024T18:01:14 - [TEST_STEP][PASSED] - setText(findTestObject("Login/inputPaasword"), "admin123"): Text 'admin123' is set on object 'Object Repository/Login/inputPaasword'

09-12-2024T18:01:27 - [MESSAGE][PASSED] - Text 'admin123' is set on object 'Object Repository/Login/inputPaasword'

09-12-2024T18:01:27 - [TEST_STEP][PASSED] - click(findTestObject("Login/buttonLogin")): Object: 'Object Repository/Login/buttonLogin' is clicked on

09-12-2024T18:01:33 - [MESSAGE][PASSED] - Object: 'Object Repository/Login/buttonLogin' is clicked on

09-12-2024T18:01:33 - [TEST_STEP][PASSED] - verifyElementPresent(findTestObject("Dashboard/textDashboard"), 0): Object 'Object Repository/Dashboard/textDashboard' is present

09-12-2024T18:01:34 - [MESSAGE][WARNING] - Timeout '0' is invalid. Using default page load timeout: '30'

09-12-2024T18:01:37 - [MESSAGE][PASSED] - Object 'Object Repository/Dashboard/textDashboard' is present

09-12-2024T18:01:37 - [MESSAGE][PASSED] - Call Test Case 'Test Cases/TC - LW 002/TC 001 Login berhasil' successfully

09-12-2024T18:01:37 - [TEST_STEP][PASSED] - click(findTestObject("PIM/buttonMenupim")): Object: 'Object Repository/PIM/buttonMenupim' is clicked on

09-12-2024T18:01:42 - [MESSAGE][PASSED] - Object: 'Object Repository/PIM/buttonMenupim' is clicked on

09-12-2024T18:01:42 - [TEST_STEP][PASSED] - verifyElementPresent(findTestObject("Dashboard/textDashboard"), 0): Object 'Object Repository/Dashboard/textDashboard' is present

09-12-2024T18:01:42 - [MESSAGE][WARNING] - Timeout '0' is invalid. Using default page load timeout: '30'

09-12-2024T18:01:45 - [MESSAGE][PASSED] - Object 'Object Repository/Dashboard/textDashboard' is present

09-12-2024T18:01:45 - [TEST_STEP][PASSED] - click(findTestObject("PIM/addButton")): Object: 'Object Repository/PIM/addButton' is clicked on

09-12-2024T18:01:48 - [MESSAGE][PASSED] - Object: 'Object Repository/PIM/addButton' is clicked on

09-12-2024T18:01:49 - [TEST_STEP][PASSED] - click(findTestObject("PIM/inputFirstname")): Object: 'Object Repository/PIM/inputFirstname' is clicked on

09-12-2024T18:01:50 - [MESSAGE][PASSED] - Object: 'Object Repository/PIM/inputFirstname' is clicked on

09-12-2024T18:01:51 - [TEST_STEP][PASSED] - setText(findTestObject("PIM/inputFirstname"), "Rafki"): Text 'Rafki' is set on object 'Object Repository/PIM/inputFirstname'

09-12-2024T18:01:53 - [MESSAGE][PASSED] - Text 'Rafki' is set on object 'Object Repository/PIM/inputFirstname'

09-12-2024T18:01:53 - [TEST_STEP][PASSED] - click(findTestObject("PIM/inputMiddlename")): Object: 'Object Repository/PIM/inputMiddlename' is clicked on

09-12-2024T18:01:54 - [MESSAGE][PASSED] - Object: 'Object Repository/PIM/inputMiddlename' is clicked on

09-12-2024T18:01:54 - [TEST_STEP][PASSED] - setText(findTestObject("PIM/inputMiddlename"), "Mustafa"): Text 'Mustafa' is set on object 'Object Repository/PIM/inputMiddlename'

09-12-2024T18:01:55 - [MESSAGE][PASSED] - Text 'Mustafa' is set on object 'Object Repository/PIM/inputMiddlename'

09-12-2024T18:01:55 - [TEST_STEP][PASSED] - click(findTestObject("PIM/inputLastname")): Object: 'Object Repository/PIM/inputLastname' is clicked on

09-12-2024T18:01:56 - [MESSAGE][PASSED] - Object: 'Object Repository/PIM/inputLastname' is clicked on

09-12-2024T18:01:56 - [TEST_STEP][PASSED] - setText(findTestObject("PIM/inputLastname"), "Abdullah Kafi"): Text 'Abdullah Kafi' is set on object 'Object Repository/PIM/inputLastname'

09-12-2024T18:01:58 - [MESSAGE][PASSED] - Text 'Abdullah Kafi' is set on object 'Object Repository/PIM/inputLastname'

09-12-2024T18:01:58 - [TEST_STEP][PASSED] - click(findTestObject("PIM/inputEmployeeid")): Object: 'Object Repository/PIM/inputEmployeeid' is clicked on

09-12-2024T18:01:59 - [MESSAGE][PASSED] - Object: 'Object Repository/PIM/inputEmployeeid' is clicked on

09-12-2024T18:01:59 - [TEST_STEP][PASSED] - sendKeys(findTestObject("PIM/inputEmployeeid"), Keys.chord(CONTROL, "a", DELETE)): Keys 'CONTROL + DELETE + a' sent to object: 'Object Repository/PIM/inputEmployeeid'

09-12-2024T18:02:00 - [MESSAGE][PASSED] - Keys 'CONTROL + DELETE + a' sent to object: 'Object Repository/PIM/inputEmployeeid'

09-12-2024T18:02:00 - [TEST_STEP][PASSED] - setText(findTestObject("PIM/inputEmployeeid"), "65456453"): Text '65456453' is set on object 'Object Repository/PIM/inputEmployeeid'

09-12-2024T18:02:02 - [MESSAGE][PASSED] - Text '65456453' is set on object 'Object Repository/PIM/inputEmployeeid'

09-12-2024T18:02:02 - [TEST_STEP][PASSED] - click(findTestObject("PIM/buttonSave")): Object: 'Object Repository/PIM/buttonSave' is clicked on

09-12-2024T18:02:04 - [MESSAGE][PASSED] - Object: 'Object Repository/PIM/buttonSave' is clicked on

09-12-2024T18:02:04 - [TEST_STEP][PASSED] - delay(2): Delayed 2 second(s)

09-12-2024T18:02:06 - [MESSAGE][PASSED] - Delayed 2 second(s)

09-12-2024T18:02:06 - [TEST_STEP][PASSED] - closeBrowser(): Browser is closed

09-12-2024T18:02:09 - [MESSAGE][PASSED] - Browser is closed]]></system-out>
         <system-err><![CDATA[]]></system-err>
      </testcase>
      <testcase name="Test Cases/TC - CK 005/TC 001 Cari default list karyawan Username dan Employee id kosong" time="66.397" classname="Test Cases/TC - CK 005/TC 001 Cari default list karyawan Username dan Employee id kosong" status="PASSED">
         <system-out><![CDATA[09-12-2024T18:02:09 - [TEST_CASE][PASSED] - Test Cases/TC - CK 005/TC 001 Cari default list karyawan Username dan Employee id kosong: Test Cases/TC - CK 005/TC 001 Cari default list karyawan Username dan Employee id kosong

09-12-2024T18:02:10 - [TEST_STEP][PASSED] - callTestCase(findTestCase("TC - TK 004/TC 001 Membuka fitur PIM"), [:], STOP_ON_FAILURE): Call Test Case 'Test Cases/TC - TK 004/TC 001 Membuka fitur PIM' successfully

09-12-2024T18:02:10 - [TEST_CASE][PASSED] - Test Cases/TC - TK 004/TC 001 Membuka fitur PIM: Test Cases/TC - TK 004/TC 001 Membuka fitur PIM

09-12-2024T18:02:11 - [TEST_STEP][PASSED] - callTestCase(findTestCase("TC - LW 002/TC 001 Login berhasil"), [:], STOP_ON_FAILURE): Call Test Case 'Test Cases/TC - LW 002/TC 001 Login berhasil' successfully

09-12-2024T18:02:11 - [TEST_CASE][PASSED] - Test Cases/TC - LW 002/TC 001 Login berhasil: Test Cases/TC - LW 002/TC 001 Login berhasil

09-12-2024T18:02:11 - [TEST_STEP][PASSED] - callTestCase(findTestCase("TC - OW 001/TC 001 Link website benar"), [:], STOP_ON_FAILURE): Call Test Case 'Test Cases/TC - OW 001/TC 001 Link website benar' successfully

09-12-2024T18:02:11 - [TEST_CASE][PASSED] - Test Cases/TC - OW 001/TC 001 Link website benar: Test Cases/TC - OW 001/TC 001 Link website benar

09-12-2024T18:02:11 - [TEST_STEP][PASSED] - openBrowser("https://opensource-demo.orangehrmlive.com/web/index.php/"): Browser is opened with url: 'https://opensource-demo.orangehrmlive.com/web/index.php/'

09-12-2024T18:02:11 - [MESSAGE][INFO] - Starting 'Chrome' driver

09-12-2024T18:02:11 - [MESSAGE][INFO] - Action delay is set to 0 milliseconds

09-12-2024T18:02:32 - [MESSAGE][PASSED] - Browser is opened with url: 'https://opensource-demo.orangehrmlive.com/web/index.php/'

09-12-2024T18:02:32 - [TEST_STEP][PASSED] - maximizeWindow(): Current window maximized

09-12-2024T18:02:33 - [MESSAGE][PASSED] - Current window maximized

09-12-2024T18:02:34 - [TEST_STEP][PASSED] - verifyElementPresent(findTestObject("Login/textLogin"), 0): Object 'Object Repository/Login/textLogin' is present

09-12-2024T18:02:34 - [MESSAGE][WARNING] - Timeout '0' is invalid. Using default page load timeout: '30'

09-12-2024T18:02:35 - [MESSAGE][PASSED] - Object 'Object Repository/Login/textLogin' is present

09-12-2024T18:02:35 - [MESSAGE][PASSED] - Call Test Case 'Test Cases/TC - OW 001/TC 001 Link website benar' successfully

09-12-2024T18:02:35 - [TEST_STEP][PASSED] - click(findTestObject("Login/inputUsername")): Object: 'Object Repository/Login/inputUsername' is clicked on

09-12-2024T18:02:36 - [MESSAGE][PASSED] - Object: 'Object Repository/Login/inputUsername' is clicked on

09-12-2024T18:02:36 - [TEST_STEP][PASSED] - setText(findTestObject("Login/inputUsername"), "admin"): Text 'admin' is set on object 'Object Repository/Login/inputUsername'

09-12-2024T18:02:37 - [MESSAGE][PASSED] - Text 'admin' is set on object 'Object Repository/Login/inputUsername'

09-12-2024T18:02:37 - [TEST_STEP][PASSED] - click(findTestObject("Login/inputPaasword")): Object: 'Object Repository/Login/inputPaasword' is clicked on

09-12-2024T18:02:37 - [MESSAGE][PASSED] - Object: 'Object Repository/Login/inputPaasword' is clicked on

09-12-2024T18:02:37 - [TEST_STEP][PASSED] - setText(findTestObject("Login/inputPaasword"), "admin123"): Text 'admin123' is set on object 'Object Repository/Login/inputPaasword'

09-12-2024T18:02:39 - [MESSAGE][PASSED] - Text 'admin123' is set on object 'Object Repository/Login/inputPaasword'

09-12-2024T18:02:39 - [TEST_STEP][PASSED] - click(findTestObject("Login/buttonLogin")): Object: 'Object Repository/Login/buttonLogin' is clicked on

09-12-2024T18:02:41 - [MESSAGE][PASSED] - Object: 'Object Repository/Login/buttonLogin' is clicked on

09-12-2024T18:02:41 - [TEST_STEP][PASSED] - verifyElementPresent(findTestObject("Dashboard/textDashboard"), 0): Object 'Object Repository/Dashboard/textDashboard' is present

09-12-2024T18:02:41 - [MESSAGE][WARNING] - Timeout '0' is invalid. Using default page load timeout: '30'

09-12-2024T18:02:45 - [MESSAGE][PASSED] - Object 'Object Repository/Dashboard/textDashboard' is present

09-12-2024T18:02:45 - [MESSAGE][PASSED] - Call Test Case 'Test Cases/TC - LW 002/TC 001 Login berhasil' successfully

09-12-2024T18:02:45 - [TEST_STEP][PASSED] - click(findTestObject("PIM/buttonMenupim")): Object: 'Object Repository/PIM/buttonMenupim' is clicked on

09-12-2024T18:02:47 - [MESSAGE][PASSED] - Object: 'Object Repository/PIM/buttonMenupim' is clicked on

09-12-2024T18:02:47 - [TEST_STEP][PASSED] - verifyElementPresent(findTestObject("Dashboard/textDashboard"), 0): Object 'Object Repository/Dashboard/textDashboard' is present

09-12-2024T18:02:47 - [MESSAGE][WARNING] - Timeout '0' is invalid. Using default page load timeout: '30'

09-12-2024T18:02:50 - [MESSAGE][PASSED] - Object 'Object Repository/Dashboard/textDashboard' is present

09-12-2024T18:02:50 - [MESSAGE][PASSED] - Call Test Case 'Test Cases/TC - TK 004/TC 001 Membuka fitur PIM' successfully

09-12-2024T18:02:50 - [TEST_STEP][PASSED] - click(findTestObject("Search Employee/inputUsername")): Object: 'Object Repository/Search Employee/inputUsername' is clicked on

09-12-2024T18:02:53 - [MESSAGE][PASSED] - Object: 'Object Repository/Search Employee/inputUsername' is clicked on

09-12-2024T18:02:53 - [TEST_STEP][PASSED] - click(findTestObject("Search Employee/inputEmployeeid")): Object: 'Object Repository/Search Employee/inputEmployeeid' is clicked on

09-12-2024T18:03:00 - [MESSAGE][PASSED] - Object: 'Object Repository/Search Employee/inputEmployeeid' is clicked on

09-12-2024T18:03:00 - [TEST_STEP][PASSED] - click(findTestObject("Search Employee/buttonSearch")): Object: 'Object Repository/Search Employee/buttonSearch' is clicked on

09-12-2024T18:03:05 - [MESSAGE][PASSED] - Object: 'Object Repository/Search Employee/buttonSearch' is clicked on

09-12-2024T18:03:05 - [TEST_STEP][PASSED] - focus(findTestObject("Search Employee/tableEmployee")): Object: 'Object Repository/Search Employee/tableEmployee' is focused

09-12-2024T18:03:08 - [MESSAGE][PASSED] - Object: 'Object Repository/Search Employee/tableEmployee' is focused

09-12-2024T18:03:08 - [TEST_STEP][PASSED] - waitForElementPresent(findTestObject("Search Employee/tableEmployee"), 3): Object 'Object Repository/Search Employee/tableEmployee' is present

09-12-2024T18:03:09 - [MESSAGE][PASSED] - Object 'Object Repository/Search Employee/tableEmployee' is present

09-12-2024T18:03:09 - [TEST_STEP][PASSED] - delay(5): Delayed 5 second(s)

09-12-2024T18:03:14 - [MESSAGE][PASSED] - Delayed 5 second(s)

09-12-2024T18:03:14 - [TEST_STEP][PASSED] - closeBrowser(): Browser is closed

09-12-2024T18:03:15 - [MESSAGE][PASSED] - Browser is closed]]></system-out>
         <system-err><![CDATA[]]></system-err>
      </testcase>
      <testcase name="Test Cases/TC - CK 005/TC 002 Cari nama karyawan terdaftar Username valid" time="70.788" classname="Test Cases/TC - CK 005/TC 002 Cari nama karyawan terdaftar Username valid" status="PASSED">
         <system-out><![CDATA[09-12-2024T18:03:16 - [TEST_CASE][PASSED] - Test Cases/TC - CK 005/TC 002 Cari nama karyawan terdaftar Username valid: Test Cases/TC - CK 005/TC 002 Cari nama karyawan terdaftar Username valid

09-12-2024T18:03:16 - [TEST_STEP][PASSED] - callTestCase(findTestCase("TC - TK 004/TC 001 Membuka fitur PIM"), [:], STOP_ON_FAILURE): Call Test Case 'Test Cases/TC - TK 004/TC 001 Membuka fitur PIM' successfully

09-12-2024T18:03:16 - [TEST_CASE][PASSED] - Test Cases/TC - TK 004/TC 001 Membuka fitur PIM: Test Cases/TC - TK 004/TC 001 Membuka fitur PIM

09-12-2024T18:03:16 - [TEST_STEP][PASSED] - callTestCase(findTestCase("TC - LW 002/TC 001 Login berhasil"), [:], STOP_ON_FAILURE): Call Test Case 'Test Cases/TC - LW 002/TC 001 Login berhasil' successfully

09-12-2024T18:03:16 - [TEST_CASE][PASSED] - Test Cases/TC - LW 002/TC 001 Login berhasil: Test Cases/TC - LW 002/TC 001 Login berhasil

09-12-2024T18:03:16 - [TEST_STEP][PASSED] - callTestCase(findTestCase("TC - OW 001/TC 001 Link website benar"), [:], STOP_ON_FAILURE): Call Test Case 'Test Cases/TC - OW 001/TC 001 Link website benar' successfully

09-12-2024T18:03:17 - [TEST_CASE][PASSED] - Test Cases/TC - OW 001/TC 001 Link website benar: Test Cases/TC - OW 001/TC 001 Link website benar

09-12-2024T18:03:17 - [TEST_STEP][PASSED] - openBrowser("https://opensource-demo.orangehrmlive.com/web/index.php/"): Browser is opened with url: 'https://opensource-demo.orangehrmlive.com/web/index.php/'

09-12-2024T18:03:17 - [MESSAGE][INFO] - Starting 'Chrome' driver

09-12-2024T18:03:17 - [MESSAGE][INFO] - Action delay is set to 0 milliseconds

09-12-2024T18:03:35 - [MESSAGE][PASSED] - Browser is opened with url: 'https://opensource-demo.orangehrmlive.com/web/index.php/'

09-12-2024T18:03:35 - [TEST_STEP][PASSED] - maximizeWindow(): Current window maximized

09-12-2024T18:03:38 - [MESSAGE][PASSED] - Current window maximized

09-12-2024T18:03:39 - [TEST_STEP][PASSED] - verifyElementPresent(findTestObject("Login/textLogin"), 0): Object 'Object Repository/Login/textLogin' is present

09-12-2024T18:03:39 - [MESSAGE][WARNING] - Timeout '0' is invalid. Using default page load timeout: '30'

09-12-2024T18:03:40 - [MESSAGE][PASSED] - Object 'Object Repository/Login/textLogin' is present

09-12-2024T18:03:41 - [MESSAGE][PASSED] - Call Test Case 'Test Cases/TC - OW 001/TC 001 Link website benar' successfully

09-12-2024T18:03:41 - [TEST_STEP][PASSED] - click(findTestObject("Login/inputUsername")): Object: 'Object Repository/Login/inputUsername' is clicked on

09-12-2024T18:03:51 - [MESSAGE][PASSED] - Object: 'Object Repository/Login/inputUsername' is clicked on

09-12-2024T18:03:51 - [TEST_STEP][PASSED] - setText(findTestObject("Login/inputUsername"), "admin"): Text 'admin' is set on object 'Object Repository/Login/inputUsername'

09-12-2024T18:03:54 - [MESSAGE][PASSED] - Text 'admin' is set on object 'Object Repository/Login/inputUsername'

09-12-2024T18:03:54 - [TEST_STEP][PASSED] - click(findTestObject("Login/inputPaasword")): Object: 'Object Repository/Login/inputPaasword' is clicked on

09-12-2024T18:03:54 - [MESSAGE][PASSED] - Object: 'Object Repository/Login/inputPaasword' is clicked on

09-12-2024T18:03:54 - [TEST_STEP][PASSED] - setText(findTestObject("Login/inputPaasword"), "admin123"): Text 'admin123' is set on object 'Object Repository/Login/inputPaasword'

09-12-2024T18:03:57 - [MESSAGE][PASSED] - Text 'admin123' is set on object 'Object Repository/Login/inputPaasword'

09-12-2024T18:03:57 - [TEST_STEP][PASSED] - click(findTestObject("Login/buttonLogin")): Object: 'Object Repository/Login/buttonLogin' is clicked on

09-12-2024T18:04:00 - [MESSAGE][PASSED] - Object: 'Object Repository/Login/buttonLogin' is clicked on

09-12-2024T18:04:00 - [TEST_STEP][PASSED] - verifyElementPresent(findTestObject("Dashboard/textDashboard"), 0): Object 'Object Repository/Dashboard/textDashboard' is present

09-12-2024T18:04:00 - [MESSAGE][WARNING] - Timeout '0' is invalid. Using default page load timeout: '30'

09-12-2024T18:04:04 - [MESSAGE][PASSED] - Object 'Object Repository/Dashboard/textDashboard' is present

09-12-2024T18:04:04 - [MESSAGE][PASSED] - Call Test Case 'Test Cases/TC - LW 002/TC 001 Login berhasil' successfully

09-12-2024T18:04:04 - [TEST_STEP][PASSED] - click(findTestObject("PIM/buttonMenupim")): Object: 'Object Repository/PIM/buttonMenupim' is clicked on

09-12-2024T18:04:07 - [MESSAGE][PASSED] - Object: 'Object Repository/PIM/buttonMenupim' is clicked on

09-12-2024T18:04:07 - [TEST_STEP][PASSED] - verifyElementPresent(findTestObject("Dashboard/textDashboard"), 0): Object 'Object Repository/Dashboard/textDashboard' is present

09-12-2024T18:04:08 - [MESSAGE][WARNING] - Timeout '0' is invalid. Using default page load timeout: '30'

09-12-2024T18:04:10 - [MESSAGE][PASSED] - Object 'Object Repository/Dashboard/textDashboard' is present

09-12-2024T18:04:10 - [MESSAGE][PASSED] - Call Test Case 'Test Cases/TC - TK 004/TC 001 Membuka fitur PIM' successfully

09-12-2024T18:04:10 - [TEST_STEP][PASSED] - click(findTestObject("Search Employee/inputUsername")): Object: 'Object Repository/Search Employee/inputUsername' is clicked on

09-12-2024T18:04:11 - [MESSAGE][PASSED] - Object: 'Object Repository/Search Employee/inputUsername' is clicked on

09-12-2024T18:04:12 - [TEST_STEP][PASSED] - setText(findTestObject("Search Employee/inputUsername"), "rafki mustafa"): Text 'rafki mustafa' is set on object 'Object Repository/Search Employee/inputUsername'

09-12-2024T18:04:13 - [MESSAGE][PASSED] - Text 'rafki mustafa' is set on object 'Object Repository/Search Employee/inputUsername'

09-12-2024T18:04:13 - [TEST_STEP][PASSED] - click(findTestObject("Search Employee/inputEmployeeid")): Object: 'Object Repository/Search Employee/inputEmployeeid' is clicked on

09-12-2024T18:04:15 - [MESSAGE][PASSED] - Object: 'Object Repository/Search Employee/inputEmployeeid' is clicked on

09-12-2024T18:04:15 - [TEST_STEP][PASSED] - click(findTestObject("Search Employee/buttonSearch")): Object: 'Object Repository/Search Employee/buttonSearch' is clicked on

09-12-2024T18:04:17 - [MESSAGE][PASSED] - Object: 'Object Repository/Search Employee/buttonSearch' is clicked on

09-12-2024T18:04:17 - [TEST_STEP][PASSED] - focus(findTestObject("Search Employee/tableEmployee")): Object: 'Object Repository/Search Employee/tableEmployee' is focused

09-12-2024T18:04:18 - [MESSAGE][PASSED] - Object: 'Object Repository/Search Employee/tableEmployee' is focused

09-12-2024T18:04:18 - [TEST_STEP][PASSED] - verifyElementPresent(findTestObject("Search Employee/tableEmployee"), 3): Object 'Object Repository/Search Employee/tableEmployee' is present

09-12-2024T18:04:19 - [MESSAGE][PASSED] - Object 'Object Repository/Search Employee/tableEmployee' is present

09-12-2024T18:04:19 - [TEST_STEP][PASSED] - getText(findTestObject("Search Employee/inputUsername")): Text of object 'Object Repository/Search Employee/inputUsername' is: ''

09-12-2024T18:04:20 - [MESSAGE][PASSED] - Text of object 'Object Repository/Search Employee/inputUsername' is: ''

09-12-2024T18:04:20 - [TEST_STEP][PASSED] - verifyMatch("rafki mustafa", "rafki mustafa", false): Actual text 'rafki mustafa' and expected text 'rafki mustafa' are matched 

09-12-2024T18:04:20 - [MESSAGE][PASSED] - Actual text 'rafki mustafa' and expected text 'rafki mustafa' are matched 

09-12-2024T18:04:20 - [TEST_STEP][PASSED] - delay(5): Delayed 5 second(s)

09-12-2024T18:04:25 - [MESSAGE][PASSED] - Delayed 5 second(s)

09-12-2024T18:04:25 - [TEST_STEP][PASSED] - closeBrowser(): Browser is closed

09-12-2024T18:04:26 - [MESSAGE][PASSED] - Browser is closed]]></system-out>
         <system-err><![CDATA[]]></system-err>
      </testcase>
      <testcase name="Test Cases/TC - CK 005/TC 003 Cari nama karyawan terdaftar Username invalid" time="70.876" classname="Test Cases/TC - CK 005/TC 003 Cari nama karyawan terdaftar Username invalid" status="PASSED">
         <system-out><![CDATA[09-12-2024T18:04:26 - [TEST_CASE][PASSED] - Test Cases/TC - CK 005/TC 003 Cari nama karyawan terdaftar Username invalid: Test Cases/TC - CK 005/TC 003 Cari nama karyawan terdaftar Username invalid

09-12-2024T18:04:28 - [TEST_STEP][PASSED] - callTestCase(findTestCase("TC - TK 004/TC 001 Membuka fitur PIM"), [:], STOP_ON_FAILURE): Call Test Case 'Test Cases/TC - TK 004/TC 001 Membuka fitur PIM' successfully

09-12-2024T18:04:28 - [TEST_CASE][PASSED] - Test Cases/TC - TK 004/TC 001 Membuka fitur PIM: Test Cases/TC - TK 004/TC 001 Membuka fitur PIM

09-12-2024T18:04:28 - [TEST_STEP][PASSED] - callTestCase(findTestCase("TC - LW 002/TC 001 Login berhasil"), [:], STOP_ON_FAILURE): Call Test Case 'Test Cases/TC - LW 002/TC 001 Login berhasil' successfully

09-12-2024T18:04:28 - [TEST_CASE][PASSED] - Test Cases/TC - LW 002/TC 001 Login berhasil: Test Cases/TC - LW 002/TC 001 Login berhasil

09-12-2024T18:04:28 - [TEST_STEP][PASSED] - callTestCase(findTestCase("TC - OW 001/TC 001 Link website benar"), [:], STOP_ON_FAILURE): Call Test Case 'Test Cases/TC - OW 001/TC 001 Link website benar' successfully

09-12-2024T18:04:29 - [TEST_CASE][PASSED] - Test Cases/TC - OW 001/TC 001 Link website benar: Test Cases/TC - OW 001/TC 001 Link website benar

09-12-2024T18:04:29 - [TEST_STEP][PASSED] - openBrowser("https://opensource-demo.orangehrmlive.com/web/index.php/"): Browser is opened with url: 'https://opensource-demo.orangehrmlive.com/web/index.php/'

09-12-2024T18:04:29 - [MESSAGE][INFO] - Starting 'Chrome' driver

09-12-2024T18:04:29 - [MESSAGE][INFO] - Action delay is set to 0 milliseconds

09-12-2024T18:04:57 - [MESSAGE][PASSED] - Browser is opened with url: 'https://opensource-demo.orangehrmlive.com/web/index.php/'

09-12-2024T18:04:57 - [TEST_STEP][PASSED] - maximizeWindow(): Current window maximized

09-12-2024T18:04:59 - [MESSAGE][PASSED] - Current window maximized

09-12-2024T18:04:59 - [TEST_STEP][PASSED] - verifyElementPresent(findTestObject("Login/textLogin"), 0): Object 'Object Repository/Login/textLogin' is present

09-12-2024T18:04:59 - [MESSAGE][WARNING] - Timeout '0' is invalid. Using default page load timeout: '30'

09-12-2024T18:05:02 - [MESSAGE][PASSED] - Object 'Object Repository/Login/textLogin' is present

09-12-2024T18:05:03 - [MESSAGE][PASSED] - Call Test Case 'Test Cases/TC - OW 001/TC 001 Link website benar' successfully

09-12-2024T18:05:03 - [TEST_STEP][PASSED] - click(findTestObject("Login/inputUsername")): Object: 'Object Repository/Login/inputUsername' is clicked on

09-12-2024T18:05:06 - [MESSAGE][PASSED] - Object: 'Object Repository/Login/inputUsername' is clicked on

09-12-2024T18:05:06 - [TEST_STEP][PASSED] - setText(findTestObject("Login/inputUsername"), "admin"): Text 'admin' is set on object 'Object Repository/Login/inputUsername'

09-12-2024T18:05:08 - [MESSAGE][PASSED] - Text 'admin' is set on object 'Object Repository/Login/inputUsername'

09-12-2024T18:05:08 - [TEST_STEP][PASSED] - click(findTestObject("Login/inputPaasword")): Object: 'Object Repository/Login/inputPaasword' is clicked on

09-12-2024T18:05:10 - [MESSAGE][PASSED] - Object: 'Object Repository/Login/inputPaasword' is clicked on

09-12-2024T18:05:10 - [TEST_STEP][PASSED] - setText(findTestObject("Login/inputPaasword"), "admin123"): Text 'admin123' is set on object 'Object Repository/Login/inputPaasword'

09-12-2024T18:05:12 - [MESSAGE][PASSED] - Text 'admin123' is set on object 'Object Repository/Login/inputPaasword'

09-12-2024T18:05:12 - [TEST_STEP][PASSED] - click(findTestObject("Login/buttonLogin")): Object: 'Object Repository/Login/buttonLogin' is clicked on

09-12-2024T18:05:15 - [MESSAGE][PASSED] - Object: 'Object Repository/Login/buttonLogin' is clicked on

09-12-2024T18:05:15 - [TEST_STEP][PASSED] - verifyElementPresent(findTestObject("Dashboard/textDashboard"), 0): Object 'Object Repository/Dashboard/textDashboard' is present

09-12-2024T18:05:16 - [MESSAGE][WARNING] - Timeout '0' is invalid. Using default page load timeout: '30'

09-12-2024T18:05:19 - [MESSAGE][PASSED] - Object 'Object Repository/Dashboard/textDashboard' is present

09-12-2024T18:05:19 - [MESSAGE][PASSED] - Call Test Case 'Test Cases/TC - LW 002/TC 001 Login berhasil' successfully

09-12-2024T18:05:19 - [TEST_STEP][PASSED] - click(findTestObject("PIM/buttonMenupim")): Object: 'Object Repository/PIM/buttonMenupim' is clicked on

09-12-2024T18:05:22 - [MESSAGE][PASSED] - Object: 'Object Repository/PIM/buttonMenupim' is clicked on

09-12-2024T18:05:22 - [TEST_STEP][PASSED] - verifyElementPresent(findTestObject("Dashboard/textDashboard"), 0): Object 'Object Repository/Dashboard/textDashboard' is present

09-12-2024T18:05:22 - [MESSAGE][WARNING] - Timeout '0' is invalid. Using default page load timeout: '30'

09-12-2024T18:05:25 - [MESSAGE][PASSED] - Object 'Object Repository/Dashboard/textDashboard' is present

09-12-2024T18:05:25 - [MESSAGE][PASSED] - Call Test Case 'Test Cases/TC - TK 004/TC 001 Membuka fitur PIM' successfully

09-12-2024T18:05:25 - [TEST_STEP][PASSED] - click(findTestObject("Search Employee/inputUsername")): Object: 'Object Repository/Search Employee/inputUsername' is clicked on

09-12-2024T18:05:26 - [MESSAGE][PASSED] - Object: 'Object Repository/Search Employee/inputUsername' is clicked on

09-12-2024T18:05:26 - [TEST_STEP][PASSED] - setText(findTestObject("Search Employee/inputUsername"), "xx231xx"): Text 'xx231xx' is set on object 'Object Repository/Search Employee/inputUsername'

09-12-2024T18:05:27 - [MESSAGE][PASSED] - Text 'xx231xx' is set on object 'Object Repository/Search Employee/inputUsername'

09-12-2024T18:05:27 - [TEST_STEP][PASSED] - click(findTestObject("Search Employee/inputEmployeeid")): Object: 'Object Repository/Search Employee/inputEmployeeid' is clicked on

09-12-2024T18:05:28 - [MESSAGE][PASSED] - Object: 'Object Repository/Search Employee/inputEmployeeid' is clicked on

09-12-2024T18:05:28 - [TEST_STEP][PASSED] - click(findTestObject("Search Employee/buttonSearch")): Object: 'Object Repository/Search Employee/buttonSearch' is clicked on

09-12-2024T18:05:29 - [MESSAGE][PASSED] - Object: 'Object Repository/Search Employee/buttonSearch' is clicked on

09-12-2024T18:05:29 - [TEST_STEP][PASSED] - focus(findTestObject("Search Employee/tableEmployee")): Object: 'Object Repository/Search Employee/tableEmployee' is focused

09-12-2024T18:05:31 - [MESSAGE][PASSED] - Object: 'Object Repository/Search Employee/tableEmployee' is focused

09-12-2024T18:05:31 - [TEST_STEP][PASSED] - verifyElementPresent(findTestObject("Search Employee/toasUsernotfound"), 3): Object 'Object Repository/Search Employee/toasUsernotfound' is present

09-12-2024T18:05:31 - [MESSAGE][PASSED] - Object 'Object Repository/Search Employee/toasUsernotfound' is present

09-12-2024T18:05:31 - [TEST_STEP][PASSED] - delay(5): Delayed 5 second(s)

09-12-2024T18:05:36 - [MESSAGE][PASSED] - Delayed 5 second(s)

09-12-2024T18:05:36 - [TEST_STEP][PASSED] - closeBrowser(): Browser is closed

09-12-2024T18:05:37 - [MESSAGE][PASSED] - Browser is closed]]></system-out>
         <system-err><![CDATA[]]></system-err>
      </testcase>
      <testcase name="Test Cases/TC - CK 005/TC 004 Cari nama karyawan Username valid tetapi Employee id invalid" time="76.483" classname="Test Cases/TC - CK 005/TC 004 Cari nama karyawan Username valid tetapi Employee id invalid" status="PASSED">
         <system-out><![CDATA[09-12-2024T18:05:37 - [TEST_CASE][PASSED] - Test Cases/TC - CK 005/TC 004 Cari nama karyawan Username valid tetapi Employee id invalid: Test Cases/TC - CK 005/TC 004 Cari nama karyawan Username valid tetapi Employee id invalid

09-12-2024T18:05:38 - [TEST_STEP][PASSED] - callTestCase(findTestCase("TC - TK 004/TC 001 Membuka fitur PIM"), [:], STOP_ON_FAILURE): Call Test Case 'Test Cases/TC - TK 004/TC 001 Membuka fitur PIM' successfully

09-12-2024T18:05:38 - [TEST_CASE][PASSED] - Test Cases/TC - TK 004/TC 001 Membuka fitur PIM: Test Cases/TC - TK 004/TC 001 Membuka fitur PIM

09-12-2024T18:05:38 - [TEST_STEP][PASSED] - callTestCase(findTestCase("TC - LW 002/TC 001 Login berhasil"), [:], STOP_ON_FAILURE): Call Test Case 'Test Cases/TC - LW 002/TC 001 Login berhasil' successfully

09-12-2024T18:05:38 - [TEST_CASE][PASSED] - Test Cases/TC - LW 002/TC 001 Login berhasil: Test Cases/TC - LW 002/TC 001 Login berhasil

09-12-2024T18:05:38 - [TEST_STEP][PASSED] - callTestCase(findTestCase("TC - OW 001/TC 001 Link website benar"), [:], STOP_ON_FAILURE): Call Test Case 'Test Cases/TC - OW 001/TC 001 Link website benar' successfully

09-12-2024T18:05:38 - [TEST_CASE][PASSED] - Test Cases/TC - OW 001/TC 001 Link website benar: Test Cases/TC - OW 001/TC 001 Link website benar

09-12-2024T18:05:38 - [TEST_STEP][PASSED] - openBrowser("https://opensource-demo.orangehrmlive.com/web/index.php/"): Browser is opened with url: 'https://opensource-demo.orangehrmlive.com/web/index.php/'

09-12-2024T18:05:38 - [MESSAGE][INFO] - Starting 'Chrome' driver

09-12-2024T18:05:39 - [MESSAGE][INFO] - Action delay is set to 0 milliseconds

09-12-2024T18:06:02 - [MESSAGE][PASSED] - Browser is opened with url: 'https://opensource-demo.orangehrmlive.com/web/index.php/'

09-12-2024T18:06:02 - [TEST_STEP][PASSED] - maximizeWindow(): Current window maximized

09-12-2024T18:06:04 - [MESSAGE][PASSED] - Current window maximized

09-12-2024T18:06:04 - [TEST_STEP][PASSED] - verifyElementPresent(findTestObject("Login/textLogin"), 0): Object 'Object Repository/Login/textLogin' is present

09-12-2024T18:06:04 - [MESSAGE][WARNING] - Timeout '0' is invalid. Using default page load timeout: '30'

09-12-2024T18:06:06 - [MESSAGE][PASSED] - Object 'Object Repository/Login/textLogin' is present

09-12-2024T18:06:06 - [MESSAGE][PASSED] - Call Test Case 'Test Cases/TC - OW 001/TC 001 Link website benar' successfully

09-12-2024T18:06:06 - [TEST_STEP][PASSED] - click(findTestObject("Login/inputUsername")): Object: 'Object Repository/Login/inputUsername' is clicked on

09-12-2024T18:06:08 - [MESSAGE][PASSED] - Object: 'Object Repository/Login/inputUsername' is clicked on

09-12-2024T18:06:08 - [TEST_STEP][PASSED] - setText(findTestObject("Login/inputUsername"), "admin"): Text 'admin' is set on object 'Object Repository/Login/inputUsername'

09-12-2024T18:06:16 - [MESSAGE][PASSED] - Text 'admin' is set on object 'Object Repository/Login/inputUsername'

09-12-2024T18:06:16 - [TEST_STEP][PASSED] - click(findTestObject("Login/inputPaasword")): Object: 'Object Repository/Login/inputPaasword' is clicked on

09-12-2024T18:06:19 - [MESSAGE][PASSED] - Object: 'Object Repository/Login/inputPaasword' is clicked on

09-12-2024T18:06:19 - [TEST_STEP][PASSED] - setText(findTestObject("Login/inputPaasword"), "admin123"): Text 'admin123' is set on object 'Object Repository/Login/inputPaasword'

09-12-2024T18:06:21 - [MESSAGE][PASSED] - Text 'admin123' is set on object 'Object Repository/Login/inputPaasword'

09-12-2024T18:06:21 - [TEST_STEP][PASSED] - click(findTestObject("Login/buttonLogin")): Object: 'Object Repository/Login/buttonLogin' is clicked on

09-12-2024T18:06:26 - [MESSAGE][PASSED] - Object: 'Object Repository/Login/buttonLogin' is clicked on

09-12-2024T18:06:26 - [TEST_STEP][PASSED] - verifyElementPresent(findTestObject("Dashboard/textDashboard"), 0): Object 'Object Repository/Dashboard/textDashboard' is present

09-12-2024T18:06:26 - [MESSAGE][WARNING] - Timeout '0' is invalid. Using default page load timeout: '30'

09-12-2024T18:06:30 - [MESSAGE][PASSED] - Object 'Object Repository/Dashboard/textDashboard' is present

09-12-2024T18:06:30 - [MESSAGE][PASSED] - Call Test Case 'Test Cases/TC - LW 002/TC 001 Login berhasil' successfully

09-12-2024T18:06:30 - [TEST_STEP][PASSED] - click(findTestObject("PIM/buttonMenupim")): Object: 'Object Repository/PIM/buttonMenupim' is clicked on

09-12-2024T18:06:33 - [MESSAGE][PASSED] - Object: 'Object Repository/PIM/buttonMenupim' is clicked on

09-12-2024T18:06:33 - [TEST_STEP][PASSED] - verifyElementPresent(findTestObject("Dashboard/textDashboard"), 0): Object 'Object Repository/Dashboard/textDashboard' is present

09-12-2024T18:06:34 - [MESSAGE][WARNING] - Timeout '0' is invalid. Using default page load timeout: '30'

09-12-2024T18:06:36 - [MESSAGE][PASSED] - Object 'Object Repository/Dashboard/textDashboard' is present

09-12-2024T18:06:37 - [MESSAGE][PASSED] - Call Test Case 'Test Cases/TC - TK 004/TC 001 Membuka fitur PIM' successfully

09-12-2024T18:06:37 - [TEST_STEP][PASSED] - click(findTestObject("Search Employee/inputUsername")): Object: 'Object Repository/Search Employee/inputUsername' is clicked on

09-12-2024T18:06:38 - [MESSAGE][PASSED] - Object: 'Object Repository/Search Employee/inputUsername' is clicked on

09-12-2024T18:06:38 - [TEST_STEP][PASSED] - setText(findTestObject("Search Employee/inputUsername"), "rafki mustafa"): Text 'rafki mustafa' is set on object 'Object Repository/Search Employee/inputUsername'

09-12-2024T18:06:39 - [MESSAGE][PASSED] - Text 'rafki mustafa' is set on object 'Object Repository/Search Employee/inputUsername'

09-12-2024T18:06:39 - [TEST_STEP][PASSED] - click(findTestObject("Search Employee/inputEmployeeid")): Object: 'Object Repository/Search Employee/inputEmployeeid' is clicked on

09-12-2024T18:06:41 - [MESSAGE][PASSED] - Object: 'Object Repository/Search Employee/inputEmployeeid' is clicked on

09-12-2024T18:06:41 - [TEST_STEP][PASSED] - setText(findTestObject("Search Employee/inputEmployeeid"), "52353"): Text '52353' is set on object 'Object Repository/Search Employee/inputEmployeeid'

09-12-2024T18:06:42 - [MESSAGE][PASSED] - Text '52353' is set on object 'Object Repository/Search Employee/inputEmployeeid'

09-12-2024T18:06:42 - [TEST_STEP][PASSED] - click(findTestObject("Search Employee/buttonSearch")): Object: 'Object Repository/Search Employee/buttonSearch' is clicked on

09-12-2024T18:06:43 - [MESSAGE][PASSED] - Object: 'Object Repository/Search Employee/buttonSearch' is clicked on

09-12-2024T18:06:43 - [TEST_STEP][PASSED] - focus(findTestObject("Search Employee/tableEmployee")): Object: 'Object Repository/Search Employee/tableEmployee' is focused

09-12-2024T18:06:44 - [MESSAGE][PASSED] - Object: 'Object Repository/Search Employee/tableEmployee' is focused

09-12-2024T18:06:44 - [TEST_STEP][PASSED] - verifyElementPresent(findTestObject("Search Employee/toasUsernotfound"), 3): Object 'Object Repository/Search Employee/toasUsernotfound' is present

09-12-2024T18:06:45 - [MESSAGE][PASSED] - Object 'Object Repository/Search Employee/toasUsernotfound' is present

09-12-2024T18:06:45 - [TEST_STEP][PASSED] - getText(findTestObject("Search Employee/inputUsername")): Text of object 'Object Repository/Search Employee/inputUsername' is: ''

09-12-2024T18:06:46 - [MESSAGE][PASSED] - Text of object 'Object Repository/Search Employee/inputUsername' is: ''

09-12-2024T18:06:46 - [TEST_STEP][PASSED] - verifyMatch("rafki mustafa", "rafki mustafa", false): Actual text 'rafki mustafa' and expected text 'rafki mustafa' are matched 

09-12-2024T18:06:46 - [MESSAGE][PASSED] - Actual text 'rafki mustafa' and expected text 'rafki mustafa' are matched 

09-12-2024T18:06:46 - [TEST_STEP][PASSED] - getText(findTestObject("Search Employee/inputEmployeeid")): Text of object 'Object Repository/Search Employee/inputEmployeeid' is: ''

09-12-2024T18:06:47 - [MESSAGE][PASSED] - Text of object 'Object Repository/Search Employee/inputEmployeeid' is: ''

09-12-2024T18:06:47 - [TEST_STEP][PASSED] - verifyMatch("52353", "52353", false): Actual text '52353' and expected text '52353' are matched 

09-12-2024T18:06:47 - [MESSAGE][PASSED] - Actual text '52353' and expected text '52353' are matched 

09-12-2024T18:06:47 - [TEST_STEP][PASSED] - delay(5): Delayed 5 second(s)

09-12-2024T18:06:52 - [MESSAGE][PASSED] - Delayed 5 second(s)

09-12-2024T18:06:52 - [TEST_STEP][PASSED] - closeBrowser(): Browser is closed

09-12-2024T18:06:54 - [MESSAGE][PASSED] - Browser is closed]]></system-out>
         <system-err><![CDATA[]]></system-err>
      </testcase>
      <testcase name="Test Cases/TC - CK 005/TC 005 Cari nama karyawan Username invalid tetapi Employee id valid" time="73.159" classname="Test Cases/TC - CK 005/TC 005 Cari nama karyawan Username invalid tetapi Employee id valid" status="PASSED">
         <system-out><![CDATA[09-12-2024T18:06:54 - [TEST_CASE][PASSED] - Test Cases/TC - CK 005/TC 005 Cari nama karyawan Username invalid tetapi Employee id valid: Test Cases/TC - CK 005/TC 005 Cari nama karyawan Username invalid tetapi Employee id valid

09-12-2024T18:06:55 - [TEST_STEP][PASSED] - callTestCase(findTestCase("TC - TK 004/TC 001 Membuka fitur PIM"), [:], STOP_ON_FAILURE): Call Test Case 'Test Cases/TC - TK 004/TC 001 Membuka fitur PIM' successfully

09-12-2024T18:06:55 - [TEST_CASE][PASSED] - Test Cases/TC - TK 004/TC 001 Membuka fitur PIM: Test Cases/TC - TK 004/TC 001 Membuka fitur PIM

09-12-2024T18:06:55 - [TEST_STEP][PASSED] - callTestCase(findTestCase("TC - LW 002/TC 001 Login berhasil"), [:], STOP_ON_FAILURE): Call Test Case 'Test Cases/TC - LW 002/TC 001 Login berhasil' successfully

09-12-2024T18:06:55 - [TEST_CASE][PASSED] - Test Cases/TC - LW 002/TC 001 Login berhasil: Test Cases/TC - LW 002/TC 001 Login berhasil

09-12-2024T18:06:55 - [TEST_STEP][PASSED] - callTestCase(findTestCase("TC - OW 001/TC 001 Link website benar"), [:], STOP_ON_FAILURE): Call Test Case 'Test Cases/TC - OW 001/TC 001 Link website benar' successfully

09-12-2024T18:06:56 - [TEST_CASE][PASSED] - Test Cases/TC - OW 001/TC 001 Link website benar: Test Cases/TC - OW 001/TC 001 Link website benar

09-12-2024T18:06:56 - [TEST_STEP][PASSED] - openBrowser("https://opensource-demo.orangehrmlive.com/web/index.php/"): Browser is opened with url: 'https://opensource-demo.orangehrmlive.com/web/index.php/'

09-12-2024T18:06:56 - [MESSAGE][INFO] - Starting 'Chrome' driver

09-12-2024T18:06:56 - [MESSAGE][INFO] - Action delay is set to 0 milliseconds

09-12-2024T18:07:15 - [MESSAGE][PASSED] - Browser is opened with url: 'https://opensource-demo.orangehrmlive.com/web/index.php/'

09-12-2024T18:07:15 - [TEST_STEP][PASSED] - maximizeWindow(): Current window maximized

09-12-2024T18:07:16 - [MESSAGE][PASSED] - Current window maximized

09-12-2024T18:07:16 - [TEST_STEP][PASSED] - verifyElementPresent(findTestObject("Login/textLogin"), 0): Object 'Object Repository/Login/textLogin' is present

09-12-2024T18:07:16 - [MESSAGE][WARNING] - Timeout '0' is invalid. Using default page load timeout: '30'

09-12-2024T18:07:18 - [MESSAGE][PASSED] - Object 'Object Repository/Login/textLogin' is present

09-12-2024T18:07:18 - [MESSAGE][PASSED] - Call Test Case 'Test Cases/TC - OW 001/TC 001 Link website benar' successfully

09-12-2024T18:07:18 - [TEST_STEP][PASSED] - click(findTestObject("Login/inputUsername")): Object: 'Object Repository/Login/inputUsername' is clicked on

09-12-2024T18:07:19 - [MESSAGE][PASSED] - Object: 'Object Repository/Login/inputUsername' is clicked on

09-12-2024T18:07:19 - [TEST_STEP][PASSED] - setText(findTestObject("Login/inputUsername"), "admin"): Text 'admin' is set on object 'Object Repository/Login/inputUsername'

09-12-2024T18:07:20 - [MESSAGE][PASSED] - Text 'admin' is set on object 'Object Repository/Login/inputUsername'

09-12-2024T18:07:20 - [TEST_STEP][PASSED] - click(findTestObject("Login/inputPaasword")): Object: 'Object Repository/Login/inputPaasword' is clicked on

09-12-2024T18:07:22 - [MESSAGE][PASSED] - Object: 'Object Repository/Login/inputPaasword' is clicked on

09-12-2024T18:07:22 - [TEST_STEP][PASSED] - setText(findTestObject("Login/inputPaasword"), "admin123"): Text 'admin123' is set on object 'Object Repository/Login/inputPaasword'

09-12-2024T18:07:28 - [MESSAGE][PASSED] - Text 'admin123' is set on object 'Object Repository/Login/inputPaasword'

09-12-2024T18:07:28 - [TEST_STEP][PASSED] - click(findTestObject("Login/buttonLogin")): Object: 'Object Repository/Login/buttonLogin' is clicked on

09-12-2024T18:07:35 - [MESSAGE][PASSED] - Object: 'Object Repository/Login/buttonLogin' is clicked on

09-12-2024T18:07:35 - [TEST_STEP][PASSED] - verifyElementPresent(findTestObject("Dashboard/textDashboard"), 0): Object 'Object Repository/Dashboard/textDashboard' is present

09-12-2024T18:07:36 - [MESSAGE][WARNING] - Timeout '0' is invalid. Using default page load timeout: '30'

09-12-2024T18:07:41 - [MESSAGE][PASSED] - Object 'Object Repository/Dashboard/textDashboard' is present

09-12-2024T18:07:41 - [MESSAGE][PASSED] - Call Test Case 'Test Cases/TC - LW 002/TC 001 Login berhasil' successfully

09-12-2024T18:07:41 - [TEST_STEP][PASSED] - click(findTestObject("PIM/buttonMenupim")): Object: 'Object Repository/PIM/buttonMenupim' is clicked on

09-12-2024T18:07:43 - [MESSAGE][PASSED] - Object: 'Object Repository/PIM/buttonMenupim' is clicked on

09-12-2024T18:07:43 - [TEST_STEP][PASSED] - verifyElementPresent(findTestObject("Dashboard/textDashboard"), 0): Object 'Object Repository/Dashboard/textDashboard' is present

09-12-2024T18:07:44 - [MESSAGE][WARNING] - Timeout '0' is invalid. Using default page load timeout: '30'

09-12-2024T18:07:47 - [MESSAGE][PASSED] - Object 'Object Repository/Dashboard/textDashboard' is present

09-12-2024T18:07:47 - [MESSAGE][PASSED] - Call Test Case 'Test Cases/TC - TK 004/TC 001 Membuka fitur PIM' successfully

09-12-2024T18:07:47 - [TEST_STEP][PASSED] - click(findTestObject("Search Employee/inputUsername")): Object: 'Object Repository/Search Employee/inputUsername' is clicked on

09-12-2024T18:07:49 - [MESSAGE][PASSED] - Object: 'Object Repository/Search Employee/inputUsername' is clicked on

09-12-2024T18:07:49 - [TEST_STEP][PASSED] - setText(findTestObject("Search Employee/inputUsername"), "xx231xx"): Text 'xx231xx' is set on object 'Object Repository/Search Employee/inputUsername'

09-12-2024T18:07:53 - [MESSAGE][PASSED] - Text 'xx231xx' is set on object 'Object Repository/Search Employee/inputUsername'

09-12-2024T18:07:53 - [TEST_STEP][PASSED] - click(findTestObject("Search Employee/inputEmployeeid")): Object: 'Object Repository/Search Employee/inputEmployeeid' is clicked on

09-12-2024T18:07:54 - [MESSAGE][PASSED] - Object: 'Object Repository/Search Employee/inputEmployeeid' is clicked on

09-12-2024T18:07:54 - [TEST_STEP][PASSED] - setText(findTestObject("Search Employee/inputEmployeeid"), "060997"): Text '060997' is set on object 'Object Repository/Search Employee/inputEmployeeid'

09-12-2024T18:07:56 - [MESSAGE][PASSED] - Text '060997' is set on object 'Object Repository/Search Employee/inputEmployeeid'

09-12-2024T18:07:56 - [TEST_STEP][PASSED] - click(findTestObject("Search Employee/buttonSearch")): Object: 'Object Repository/Search Employee/buttonSearch' is clicked on

09-12-2024T18:07:57 - [MESSAGE][PASSED] - Object: 'Object Repository/Search Employee/buttonSearch' is clicked on

09-12-2024T18:07:57 - [TEST_STEP][PASSED] - focus(findTestObject("Search Employee/tableEmployee")): Object: 'Object Repository/Search Employee/tableEmployee' is focused

09-12-2024T18:07:58 - [MESSAGE][PASSED] - Object: 'Object Repository/Search Employee/tableEmployee' is focused

09-12-2024T18:07:58 - [TEST_STEP][PASSED] - verifyElementPresent(findTestObject("Search Employee/toasUsernotfound"), 3): Object 'Object Repository/Search Employee/toasUsernotfound' is present

09-12-2024T18:07:59 - [MESSAGE][PASSED] - Object 'Object Repository/Search Employee/toasUsernotfound' is present

09-12-2024T18:07:59 - [TEST_STEP][PASSED] - getText(findTestObject("Search Employee/inputUsername")): Text of object 'Object Repository/Search Employee/inputUsername' is: ''

09-12-2024T18:08:00 - [MESSAGE][PASSED] - Text of object 'Object Repository/Search Employee/inputUsername' is: ''

09-12-2024T18:08:00 - [TEST_STEP][PASSED] - verifyMatch("rafki mustafa", "rafki mustafa", false): Actual text 'rafki mustafa' and expected text 'rafki mustafa' are matched 

09-12-2024T18:08:00 - [MESSAGE][PASSED] - Actual text 'rafki mustafa' and expected text 'rafki mustafa' are matched 

09-12-2024T18:08:00 - [TEST_STEP][PASSED] - getText(findTestObject("Search Employee/inputEmployeeid")): Text of object 'Object Repository/Search Employee/inputEmployeeid' is: ''

09-12-2024T18:08:01 - [MESSAGE][PASSED] - Text of object 'Object Repository/Search Employee/inputEmployeeid' is: ''

09-12-2024T18:08:01 - [TEST_STEP][PASSED] - verifyMatch("060997", "060997", false): Actual text '060997' and expected text '060997' are matched 

09-12-2024T18:08:01 - [MESSAGE][PASSED] - Actual text '060997' and expected text '060997' are matched 

09-12-2024T18:08:01 - [TEST_STEP][PASSED] - delay(5): Delayed 5 second(s)

09-12-2024T18:08:06 - [MESSAGE][PASSED] - Delayed 5 second(s)

09-12-2024T18:08:06 - [TEST_STEP][PASSED] - closeBrowser(): Browser is closed

09-12-2024T18:08:07 - [MESSAGE][PASSED] - Browser is closed]]></system-out>
         <system-err><![CDATA[]]></system-err>
      </testcase>
      <testcase name="Test Cases/TC - CK 005/TC 006 Cari nama karyawan Username valid dan Employee id valid" time="80.677" classname="Test Cases/TC - CK 005/TC 006 Cari nama karyawan Username valid dan Employee id valid" status="PASSED">
         <system-out><![CDATA[09-12-2024T18:08:07 - [TEST_CASE][PASSED] - Test Cases/TC - CK 005/TC 006 Cari nama karyawan Username valid dan Employee id valid: Test Cases/TC - CK 005/TC 006 Cari nama karyawan Username valid dan Employee id valid

09-12-2024T18:08:08 - [TEST_STEP][PASSED] - callTestCase(findTestCase("TC - TK 004/TC 001 Membuka fitur PIM"), [:], STOP_ON_FAILURE): Call Test Case 'Test Cases/TC - TK 004/TC 001 Membuka fitur PIM' successfully

09-12-2024T18:08:09 - [TEST_CASE][PASSED] - Test Cases/TC - TK 004/TC 001 Membuka fitur PIM: Test Cases/TC - TK 004/TC 001 Membuka fitur PIM

09-12-2024T18:08:09 - [TEST_STEP][PASSED] - callTestCase(findTestCase("TC - LW 002/TC 001 Login berhasil"), [:], STOP_ON_FAILURE): Call Test Case 'Test Cases/TC - LW 002/TC 001 Login berhasil' successfully

09-12-2024T18:08:09 - [TEST_CASE][PASSED] - Test Cases/TC - LW 002/TC 001 Login berhasil: Test Cases/TC - LW 002/TC 001 Login berhasil

09-12-2024T18:08:09 - [TEST_STEP][PASSED] - callTestCase(findTestCase("TC - OW 001/TC 001 Link website benar"), [:], STOP_ON_FAILURE): Call Test Case 'Test Cases/TC - OW 001/TC 001 Link website benar' successfully

09-12-2024T18:08:09 - [TEST_CASE][PASSED] - Test Cases/TC - OW 001/TC 001 Link website benar: Test Cases/TC - OW 001/TC 001 Link website benar

09-12-2024T18:08:09 - [TEST_STEP][PASSED] - openBrowser("https://opensource-demo.orangehrmlive.com/web/index.php/"): Browser is opened with url: 'https://opensource-demo.orangehrmlive.com/web/index.php/'

09-12-2024T18:08:09 - [MESSAGE][INFO] - Starting 'Chrome' driver

09-12-2024T18:08:09 - [MESSAGE][INFO] - Action delay is set to 0 milliseconds

09-12-2024T18:08:35 - [MESSAGE][PASSED] - Browser is opened with url: 'https://opensource-demo.orangehrmlive.com/web/index.php/'

09-12-2024T18:08:35 - [TEST_STEP][PASSED] - maximizeWindow(): Current window maximized

09-12-2024T18:08:37 - [MESSAGE][PASSED] - Current window maximized

09-12-2024T18:08:37 - [TEST_STEP][PASSED] - verifyElementPresent(findTestObject("Login/textLogin"), 0): Object 'Object Repository/Login/textLogin' is present

09-12-2024T18:08:37 - [MESSAGE][WARNING] - Timeout '0' is invalid. Using default page load timeout: '30'

09-12-2024T18:08:39 - [MESSAGE][PASSED] - Object 'Object Repository/Login/textLogin' is present

09-12-2024T18:08:40 - [MESSAGE][PASSED] - Call Test Case 'Test Cases/TC - OW 001/TC 001 Link website benar' successfully

09-12-2024T18:08:40 - [TEST_STEP][PASSED] - click(findTestObject("Login/inputUsername")): Object: 'Object Repository/Login/inputUsername' is clicked on

09-12-2024T18:08:49 - [MESSAGE][PASSED] - Object: 'Object Repository/Login/inputUsername' is clicked on

09-12-2024T18:08:49 - [TEST_STEP][PASSED] - setText(findTestObject("Login/inputUsername"), "admin"): Text 'admin' is set on object 'Object Repository/Login/inputUsername'

09-12-2024T18:08:50 - [MESSAGE][PASSED] - Text 'admin' is set on object 'Object Repository/Login/inputUsername'

09-12-2024T18:08:50 - [TEST_STEP][PASSED] - click(findTestObject("Login/inputPaasword")): Object: 'Object Repository/Login/inputPaasword' is clicked on

09-12-2024T18:08:53 - [MESSAGE][PASSED] - Object: 'Object Repository/Login/inputPaasword' is clicked on

09-12-2024T18:08:53 - [TEST_STEP][PASSED] - setText(findTestObject("Login/inputPaasword"), "admin123"): Text 'admin123' is set on object 'Object Repository/Login/inputPaasword'

09-12-2024T18:08:55 - [MESSAGE][PASSED] - Text 'admin123' is set on object 'Object Repository/Login/inputPaasword'

09-12-2024T18:08:55 - [TEST_STEP][PASSED] - click(findTestObject("Login/buttonLogin")): Object: 'Object Repository/Login/buttonLogin' is clicked on

09-12-2024T18:09:00 - [MESSAGE][PASSED] - Object: 'Object Repository/Login/buttonLogin' is clicked on

09-12-2024T18:09:00 - [TEST_STEP][PASSED] - verifyElementPresent(findTestObject("Dashboard/textDashboard"), 0): Object 'Object Repository/Dashboard/textDashboard' is present

09-12-2024T18:09:00 - [MESSAGE][WARNING] - Timeout '0' is invalid. Using default page load timeout: '30'

09-12-2024T18:09:04 - [MESSAGE][PASSED] - Object 'Object Repository/Dashboard/textDashboard' is present

09-12-2024T18:09:04 - [MESSAGE][PASSED] - Call Test Case 'Test Cases/TC - LW 002/TC 001 Login berhasil' successfully

09-12-2024T18:09:04 - [TEST_STEP][PASSED] - click(findTestObject("PIM/buttonMenupim")): Object: 'Object Repository/PIM/buttonMenupim' is clicked on

09-12-2024T18:09:07 - [MESSAGE][PASSED] - Object: 'Object Repository/PIM/buttonMenupim' is clicked on

09-12-2024T18:09:07 - [TEST_STEP][PASSED] - verifyElementPresent(findTestObject("Dashboard/textDashboard"), 0): Object 'Object Repository/Dashboard/textDashboard' is present

09-12-2024T18:09:08 - [MESSAGE][WARNING] - Timeout '0' is invalid. Using default page load timeout: '30'

09-12-2024T18:09:11 - [MESSAGE][PASSED] - Object 'Object Repository/Dashboard/textDashboard' is present

09-12-2024T18:09:11 - [MESSAGE][PASSED] - Call Test Case 'Test Cases/TC - TK 004/TC 001 Membuka fitur PIM' successfully

09-12-2024T18:09:11 - [TEST_STEP][PASSED] - click(findTestObject("Search Employee/inputUsername")): Object: 'Object Repository/Search Employee/inputUsername' is clicked on

09-12-2024T18:09:11 - [MESSAGE][PASSED] - Object: 'Object Repository/Search Employee/inputUsername' is clicked on

09-12-2024T18:09:11 - [TEST_STEP][PASSED] - setText(findTestObject("Search Employee/inputUsername"), "rafki mustafa"): Text 'rafki mustafa' is set on object 'Object Repository/Search Employee/inputUsername'

09-12-2024T18:09:13 - [MESSAGE][PASSED] - Text 'rafki mustafa' is set on object 'Object Repository/Search Employee/inputUsername'

09-12-2024T18:09:13 - [TEST_STEP][PASSED] - click(findTestObject("Search Employee/inputEmployeeid")): Object: 'Object Repository/Search Employee/inputEmployeeid' is clicked on

09-12-2024T18:09:14 - [MESSAGE][PASSED] - Object: 'Object Repository/Search Employee/inputEmployeeid' is clicked on

09-12-2024T18:09:14 - [TEST_STEP][PASSED] - setText(findTestObject("Search Employee/inputEmployeeid"), "060997"): Text '060997' is set on object 'Object Repository/Search Employee/inputEmployeeid'

09-12-2024T18:09:15 - [MESSAGE][PASSED] - Text '060997' is set on object 'Object Repository/Search Employee/inputEmployeeid'

09-12-2024T18:09:15 - [TEST_STEP][PASSED] - click(findTestObject("Search Employee/buttonSearch")): Object: 'Object Repository/Search Employee/buttonSearch' is clicked on

09-12-2024T18:09:16 - [MESSAGE][PASSED] - Object: 'Object Repository/Search Employee/buttonSearch' is clicked on

09-12-2024T18:09:16 - [TEST_STEP][PASSED] - focus(findTestObject("Search Employee/tableEmployee")): Object: 'Object Repository/Search Employee/tableEmployee' is focused

09-12-2024T18:09:19 - [MESSAGE][PASSED] - Object: 'Object Repository/Search Employee/tableEmployee' is focused

09-12-2024T18:09:19 - [TEST_STEP][PASSED] - getText(findTestObject("Search Employee/inputUsername")): Text of object 'Object Repository/Search Employee/inputUsername' is: ''

09-12-2024T18:09:20 - [MESSAGE][PASSED] - Text of object 'Object Repository/Search Employee/inputUsername' is: ''

09-12-2024T18:09:20 - [TEST_STEP][PASSED] - verifyMatch("rafki mustafa", "rafki mustafa", false): Actual text 'rafki mustafa' and expected text 'rafki mustafa' are matched 

09-12-2024T18:09:20 - [MESSAGE][PASSED] - Actual text 'rafki mustafa' and expected text 'rafki mustafa' are matched 

09-12-2024T18:09:20 - [TEST_STEP][PASSED] - getText(findTestObject("Search Employee/inputEmployeeid")): Text of object 'Object Repository/Search Employee/inputEmployeeid' is: ''

09-12-2024T18:09:21 - [MESSAGE][PASSED] - Text of object 'Object Repository/Search Employee/inputEmployeeid' is: ''

09-12-2024T18:09:21 - [TEST_STEP][PASSED] - verifyMatch("060997", "060997", false): Actual text '060997' and expected text '060997' are matched 

09-12-2024T18:09:21 - [MESSAGE][PASSED] - Actual text '060997' and expected text '060997' are matched 

09-12-2024T18:09:21 - [TEST_STEP][PASSED] - delay(5): Delayed 5 second(s)

09-12-2024T18:09:26 - [MESSAGE][PASSED] - Delayed 5 second(s)

09-12-2024T18:09:26 - [TEST_STEP][PASSED] - closeBrowser(): Browser is closed

09-12-2024T18:09:28 - [MESSAGE][PASSED] - Browser is closed]]></system-out>
         <system-err><![CDATA[]]></system-err>
      </testcase>
      <testcase name="Test Cases/TC - CK 005/TC 007 Cari nama karyawan Employee id valid" time="77.453" classname="Test Cases/TC - CK 005/TC 007 Cari nama karyawan Employee id valid" status="PASSED">
         <system-out><![CDATA[09-12-2024T18:09:28 - [TEST_CASE][PASSED] - Test Cases/TC - CK 005/TC 007 Cari nama karyawan Employee id valid: Test Cases/TC - CK 005/TC 007 Cari nama karyawan Employee id valid

09-12-2024T18:09:29 - [TEST_STEP][PASSED] - callTestCase(findTestCase("TC - TK 004/TC 001 Membuka fitur PIM"), [:], STOP_ON_FAILURE): Call Test Case 'Test Cases/TC - TK 004/TC 001 Membuka fitur PIM' successfully

09-12-2024T18:09:29 - [TEST_CASE][PASSED] - Test Cases/TC - TK 004/TC 001 Membuka fitur PIM: Test Cases/TC - TK 004/TC 001 Membuka fitur PIM

09-12-2024T18:09:29 - [TEST_STEP][PASSED] - callTestCase(findTestCase("TC - LW 002/TC 001 Login berhasil"), [:], STOP_ON_FAILURE): Call Test Case 'Test Cases/TC - LW 002/TC 001 Login berhasil' successfully

09-12-2024T18:09:29 - [TEST_CASE][PASSED] - Test Cases/TC - LW 002/TC 001 Login berhasil: Test Cases/TC - LW 002/TC 001 Login berhasil

09-12-2024T18:09:30 - [TEST_STEP][PASSED] - callTestCase(findTestCase("TC - OW 001/TC 001 Link website benar"), [:], STOP_ON_FAILURE): Call Test Case 'Test Cases/TC - OW 001/TC 001 Link website benar' successfully

09-12-2024T18:09:30 - [TEST_CASE][PASSED] - Test Cases/TC - OW 001/TC 001 Link website benar: Test Cases/TC - OW 001/TC 001 Link website benar

09-12-2024T18:09:30 - [TEST_STEP][PASSED] - openBrowser("https://opensource-demo.orangehrmlive.com/web/index.php/"): Browser is opened with url: 'https://opensource-demo.orangehrmlive.com/web/index.php/'

09-12-2024T18:09:30 - [MESSAGE][INFO] - Starting 'Chrome' driver

09-12-2024T18:09:30 - [MESSAGE][INFO] - Action delay is set to 0 milliseconds

09-12-2024T18:09:55 - [MESSAGE][PASSED] - Browser is opened with url: 'https://opensource-demo.orangehrmlive.com/web/index.php/'

09-12-2024T18:09:55 - [TEST_STEP][PASSED] - maximizeWindow(): Current window maximized

09-12-2024T18:09:56 - [MESSAGE][PASSED] - Current window maximized

09-12-2024T18:09:56 - [TEST_STEP][PASSED] - verifyElementPresent(findTestObject("Login/textLogin"), 0): Object 'Object Repository/Login/textLogin' is present

09-12-2024T18:09:56 - [MESSAGE][WARNING] - Timeout '0' is invalid. Using default page load timeout: '30'

09-12-2024T18:09:58 - [MESSAGE][PASSED] - Object 'Object Repository/Login/textLogin' is present

09-12-2024T18:09:58 - [MESSAGE][PASSED] - Call Test Case 'Test Cases/TC - OW 001/TC 001 Link website benar' successfully

09-12-2024T18:09:58 - [TEST_STEP][PASSED] - click(findTestObject("Login/inputUsername")): Object: 'Object Repository/Login/inputUsername' is clicked on

09-12-2024T18:10:10 - [MESSAGE][PASSED] - Object: 'Object Repository/Login/inputUsername' is clicked on

09-12-2024T18:10:10 - [TEST_STEP][PASSED] - setText(findTestObject("Login/inputUsername"), "admin"): Text 'admin' is set on object 'Object Repository/Login/inputUsername'

09-12-2024T18:10:12 - [MESSAGE][PASSED] - Text 'admin' is set on object 'Object Repository/Login/inputUsername'

09-12-2024T18:10:12 - [TEST_STEP][PASSED] - click(findTestObject("Login/inputPaasword")): Object: 'Object Repository/Login/inputPaasword' is clicked on

09-12-2024T18:10:13 - [MESSAGE][PASSED] - Object: 'Object Repository/Login/inputPaasword' is clicked on

09-12-2024T18:10:13 - [TEST_STEP][PASSED] - setText(findTestObject("Login/inputPaasword"), "admin123"): Text 'admin123' is set on object 'Object Repository/Login/inputPaasword'

09-12-2024T18:10:15 - [MESSAGE][PASSED] - Text 'admin123' is set on object 'Object Repository/Login/inputPaasword'

09-12-2024T18:10:15 - [TEST_STEP][PASSED] - click(findTestObject("Login/buttonLogin")): Object: 'Object Repository/Login/buttonLogin' is clicked on

09-12-2024T18:10:19 - [MESSAGE][PASSED] - Object: 'Object Repository/Login/buttonLogin' is clicked on

09-12-2024T18:10:19 - [TEST_STEP][PASSED] - verifyElementPresent(findTestObject("Dashboard/textDashboard"), 0): Object 'Object Repository/Dashboard/textDashboard' is present

09-12-2024T18:10:20 - [MESSAGE][WARNING] - Timeout '0' is invalid. Using default page load timeout: '30'

09-12-2024T18:10:24 - [MESSAGE][PASSED] - Object 'Object Repository/Dashboard/textDashboard' is present

09-12-2024T18:10:24 - [MESSAGE][PASSED] - Call Test Case 'Test Cases/TC - LW 002/TC 001 Login berhasil' successfully

09-12-2024T18:10:25 - [TEST_STEP][PASSED] - click(findTestObject("PIM/buttonMenupim")): Object: 'Object Repository/PIM/buttonMenupim' is clicked on

09-12-2024T18:10:28 - [MESSAGE][PASSED] - Object: 'Object Repository/PIM/buttonMenupim' is clicked on

09-12-2024T18:10:28 - [TEST_STEP][PASSED] - verifyElementPresent(findTestObject("Dashboard/textDashboard"), 0): Object 'Object Repository/Dashboard/textDashboard' is present

09-12-2024T18:10:28 - [MESSAGE][WARNING] - Timeout '0' is invalid. Using default page load timeout: '30'

09-12-2024T18:10:32 - [MESSAGE][PASSED] - Object 'Object Repository/Dashboard/textDashboard' is present

09-12-2024T18:10:32 - [MESSAGE][PASSED] - Call Test Case 'Test Cases/TC - TK 004/TC 001 Membuka fitur PIM' successfully

09-12-2024T18:10:32 - [TEST_STEP][PASSED] - click(findTestObject("Search Employee/inputUsername")): Object: 'Object Repository/Search Employee/inputUsername' is clicked on

09-12-2024T18:10:34 - [MESSAGE][PASSED] - Object: 'Object Repository/Search Employee/inputUsername' is clicked on

09-12-2024T18:10:34 - [TEST_STEP][PASSED] - click(findTestObject("Search Employee/inputEmployeeid")): Object: 'Object Repository/Search Employee/inputEmployeeid' is clicked on

09-12-2024T18:10:35 - [MESSAGE][PASSED] - Object: 'Object Repository/Search Employee/inputEmployeeid' is clicked on

09-12-2024T18:10:35 - [TEST_STEP][PASSED] - setText(findTestObject("Search Employee/inputEmployeeid"), "060997"): Text '060997' is set on object 'Object Repository/Search Employee/inputEmployeeid'

09-12-2024T18:10:36 - [MESSAGE][PASSED] - Text '060997' is set on object 'Object Repository/Search Employee/inputEmployeeid'

09-12-2024T18:10:36 - [TEST_STEP][PASSED] - click(findTestObject("Search Employee/buttonSearch")): Object: 'Object Repository/Search Employee/buttonSearch' is clicked on

09-12-2024T18:10:37 - [MESSAGE][PASSED] - Object: 'Object Repository/Search Employee/buttonSearch' is clicked on

09-12-2024T18:10:37 - [TEST_STEP][PASSED] - focus(findTestObject("Search Employee/tableEmployee")): Object: 'Object Repository/Search Employee/tableEmployee' is focused

09-12-2024T18:10:38 - [MESSAGE][PASSED] - Object: 'Object Repository/Search Employee/tableEmployee' is focused

09-12-2024T18:10:38 - [TEST_STEP][PASSED] - getText(findTestObject("Search Employee/inputEmployeeid")): Text of object 'Object Repository/Search Employee/inputEmployeeid' is: ''

09-12-2024T18:10:39 - [MESSAGE][PASSED] - Text of object 'Object Repository/Search Employee/inputEmployeeid' is: ''

09-12-2024T18:10:39 - [TEST_STEP][PASSED] - verifyMatch("060997", "060997", false): Actual text '060997' and expected text '060997' are matched 

09-12-2024T18:10:39 - [MESSAGE][PASSED] - Actual text '060997' and expected text '060997' are matched 

09-12-2024T18:10:39 - [TEST_STEP][PASSED] - delay(5): Delayed 5 second(s)

09-12-2024T18:10:44 - [MESSAGE][PASSED] - Delayed 5 second(s)

09-12-2024T18:10:44 - [TEST_STEP][PASSED] - closeBrowser(): Browser is closed

09-12-2024T18:10:45 - [MESSAGE][PASSED] - Browser is closed]]></system-out>
         <system-err><![CDATA[]]></system-err>
      </testcase>
      <testcase name="Test Cases/TC - CK 005/TC 008 Cari nama karyawan Employee id invalid" time="79.231" classname="Test Cases/TC - CK 005/TC 008 Cari nama karyawan Employee id invalid" status="PASSED">
         <system-out><![CDATA[09-12-2024T18:10:45 - [TEST_CASE][PASSED] - Test Cases/TC - CK 005/TC 008 Cari nama karyawan Employee id invalid: Test Cases/TC - CK 005/TC 008 Cari nama karyawan Employee id invalid

09-12-2024T18:10:46 - [TEST_STEP][PASSED] - callTestCase(findTestCase("TC - TK 004/TC 001 Membuka fitur PIM"), [:], STOP_ON_FAILURE): Call Test Case 'Test Cases/TC - TK 004/TC 001 Membuka fitur PIM' successfully

09-12-2024T18:10:46 - [TEST_CASE][PASSED] - Test Cases/TC - TK 004/TC 001 Membuka fitur PIM: Test Cases/TC - TK 004/TC 001 Membuka fitur PIM

09-12-2024T18:10:46 - [TEST_STEP][PASSED] - callTestCase(findTestCase("TC - LW 002/TC 001 Login berhasil"), [:], STOP_ON_FAILURE): Call Test Case 'Test Cases/TC - LW 002/TC 001 Login berhasil' successfully

09-12-2024T18:10:46 - [TEST_CASE][PASSED] - Test Cases/TC - LW 002/TC 001 Login berhasil: Test Cases/TC - LW 002/TC 001 Login berhasil

09-12-2024T18:10:46 - [TEST_STEP][PASSED] - callTestCase(findTestCase("TC - OW 001/TC 001 Link website benar"), [:], STOP_ON_FAILURE): Call Test Case 'Test Cases/TC - OW 001/TC 001 Link website benar' successfully

09-12-2024T18:10:46 - [TEST_CASE][PASSED] - Test Cases/TC - OW 001/TC 001 Link website benar: Test Cases/TC - OW 001/TC 001 Link website benar

09-12-2024T18:10:46 - [TEST_STEP][PASSED] - openBrowser("https://opensource-demo.orangehrmlive.com/web/index.php/"): Browser is opened with url: 'https://opensource-demo.orangehrmlive.com/web/index.php/'

09-12-2024T18:10:46 - [MESSAGE][INFO] - Starting 'Chrome' driver

09-12-2024T18:10:46 - [MESSAGE][INFO] - Action delay is set to 0 milliseconds

09-12-2024T18:11:09 - [MESSAGE][PASSED] - Browser is opened with url: 'https://opensource-demo.orangehrmlive.com/web/index.php/'

09-12-2024T18:11:09 - [TEST_STEP][PASSED] - maximizeWindow(): Current window maximized

09-12-2024T18:11:09 - [MESSAGE][PASSED] - Current window maximized

09-12-2024T18:11:09 - [TEST_STEP][PASSED] - verifyElementPresent(findTestObject("Login/textLogin"), 0): Object 'Object Repository/Login/textLogin' is present

09-12-2024T18:11:10 - [MESSAGE][WARNING] - Timeout '0' is invalid. Using default page load timeout: '30'

09-12-2024T18:11:11 - [MESSAGE][PASSED] - Object 'Object Repository/Login/textLogin' is present

09-12-2024T18:11:11 - [MESSAGE][PASSED] - Call Test Case 'Test Cases/TC - OW 001/TC 001 Link website benar' successfully

09-12-2024T18:11:11 - [TEST_STEP][PASSED] - click(findTestObject("Login/inputUsername")): Object: 'Object Repository/Login/inputUsername' is clicked on

09-12-2024T18:11:13 - [MESSAGE][PASSED] - Object: 'Object Repository/Login/inputUsername' is clicked on

09-12-2024T18:11:13 - [TEST_STEP][PASSED] - setText(findTestObject("Login/inputUsername"), "admin"): Text 'admin' is set on object 'Object Repository/Login/inputUsername'

09-12-2024T18:11:14 - [MESSAGE][PASSED] - Text 'admin' is set on object 'Object Repository/Login/inputUsername'

09-12-2024T18:11:14 - [TEST_STEP][PASSED] - click(findTestObject("Login/inputPaasword")): Object: 'Object Repository/Login/inputPaasword' is clicked on

09-12-2024T18:11:15 - [MESSAGE][PASSED] - Object: 'Object Repository/Login/inputPaasword' is clicked on

09-12-2024T18:11:15 - [TEST_STEP][PASSED] - setText(findTestObject("Login/inputPaasword"), "admin123"): Text 'admin123' is set on object 'Object Repository/Login/inputPaasword'

09-12-2024T18:11:16 - [MESSAGE][PASSED] - Text 'admin123' is set on object 'Object Repository/Login/inputPaasword'

09-12-2024T18:11:16 - [TEST_STEP][PASSED] - click(findTestObject("Login/buttonLogin")): Object: 'Object Repository/Login/buttonLogin' is clicked on

09-12-2024T18:11:24 - [MESSAGE][PASSED] - Object: 'Object Repository/Login/buttonLogin' is clicked on

09-12-2024T18:11:24 - [TEST_STEP][PASSED] - verifyElementPresent(findTestObject("Dashboard/textDashboard"), 0): Object 'Object Repository/Dashboard/textDashboard' is present

09-12-2024T18:11:25 - [MESSAGE][WARNING] - Timeout '0' is invalid. Using default page load timeout: '30'

09-12-2024T18:11:30 - [MESSAGE][PASSED] - Object 'Object Repository/Dashboard/textDashboard' is present

09-12-2024T18:11:30 - [MESSAGE][PASSED] - Call Test Case 'Test Cases/TC - LW 002/TC 001 Login berhasil' successfully

09-12-2024T18:11:30 - [TEST_STEP][PASSED] - click(findTestObject("PIM/buttonMenupim")): Object: 'Object Repository/PIM/buttonMenupim' is clicked on

09-12-2024T18:11:41 - [MESSAGE][PASSED] - Object: 'Object Repository/PIM/buttonMenupim' is clicked on

09-12-2024T18:11:41 - [TEST_STEP][PASSED] - verifyElementPresent(findTestObject("Dashboard/textDashboard"), 0): Object 'Object Repository/Dashboard/textDashboard' is present

09-12-2024T18:11:41 - [MESSAGE][WARNING] - Timeout '0' is invalid. Using default page load timeout: '30'

09-12-2024T18:11:45 - [MESSAGE][PASSED] - Object 'Object Repository/Dashboard/textDashboard' is present

09-12-2024T18:11:45 - [MESSAGE][PASSED] - Call Test Case 'Test Cases/TC - TK 004/TC 001 Membuka fitur PIM' successfully

09-12-2024T18:11:45 - [TEST_STEP][PASSED] - click(findTestObject("Search Employee/inputUsername")): Object: 'Object Repository/Search Employee/inputUsername' is clicked on

09-12-2024T18:11:48 - [MESSAGE][PASSED] - Object: 'Object Repository/Search Employee/inputUsername' is clicked on

09-12-2024T18:11:48 - [TEST_STEP][PASSED] - click(findTestObject("Search Employee/inputEmployeeid")): Object: 'Object Repository/Search Employee/inputEmployeeid' is clicked on

09-12-2024T18:11:50 - [MESSAGE][PASSED] - Object: 'Object Repository/Search Employee/inputEmployeeid' is clicked on

09-12-2024T18:11:50 - [TEST_STEP][PASSED] - setText(findTestObject("Search Employee/inputEmployeeid"), "52353"): Text '52353' is set on object 'Object Repository/Search Employee/inputEmployeeid'

09-12-2024T18:11:52 - [MESSAGE][PASSED] - Text '52353' is set on object 'Object Repository/Search Employee/inputEmployeeid'

09-12-2024T18:11:52 - [TEST_STEP][PASSED] - click(findTestObject("Search Employee/buttonSearch")): Object: 'Object Repository/Search Employee/buttonSearch' is clicked on

09-12-2024T18:11:54 - [MESSAGE][PASSED] - Object: 'Object Repository/Search Employee/buttonSearch' is clicked on

09-12-2024T18:11:54 - [TEST_STEP][PASSED] - focus(findTestObject("Search Employee/tableEmployee")): Object: 'Object Repository/Search Employee/tableEmployee' is focused

09-12-2024T18:11:56 - [MESSAGE][PASSED] - Object: 'Object Repository/Search Employee/tableEmployee' is focused

09-12-2024T18:11:56 - [TEST_STEP][PASSED] - getText(findTestObject("Search Employee/inputEmployeeid")): Text of object 'Object Repository/Search Employee/inputEmployeeid' is: ''

09-12-2024T18:11:57 - [MESSAGE][PASSED] - Text of object 'Object Repository/Search Employee/inputEmployeeid' is: ''

09-12-2024T18:11:57 - [TEST_STEP][PASSED] - verifyMatch("52353", "52353", false): Actual text '52353' and expected text '52353' are matched 

09-12-2024T18:11:57 - [MESSAGE][PASSED] - Actual text '52353' and expected text '52353' are matched 

09-12-2024T18:11:57 - [TEST_STEP][PASSED] - delay(5): Delayed 5 second(s)

09-12-2024T18:12:02 - [MESSAGE][PASSED] - Delayed 5 second(s)

09-12-2024T18:12:02 - [TEST_STEP][PASSED] - closeBrowser(): Browser is closed

09-12-2024T18:12:04 - [MESSAGE][PASSED] - Browser is closed]]></system-out>
         <system-err><![CDATA[]]></system-err>
      </testcase>
      <testcase name="Test Cases/TC - CK 005/TC 009 Cari nama karyawan Username invalid tetapi Employee id invalid" time="86.629" classname="Test Cases/TC - CK 005/TC 009 Cari nama karyawan Username invalid tetapi Employee id invalid" status="PASSED">
         <system-out><![CDATA[09-12-2024T18:12:05 - [TEST_CASE][PASSED] - Test Cases/TC - CK 005/TC 009 Cari nama karyawan Username invalid tetapi Employee id invalid: Test Cases/TC - CK 005/TC 009 Cari nama karyawan Username invalid tetapi Employee id invalid

09-12-2024T18:12:05 - [TEST_STEP][PASSED] - callTestCase(findTestCase("TC - TK 004/TC 001 Membuka fitur PIM"), [:], STOP_ON_FAILURE): Call Test Case 'Test Cases/TC - TK 004/TC 001 Membuka fitur PIM' successfully

09-12-2024T18:12:05 - [TEST_CASE][PASSED] - Test Cases/TC - TK 004/TC 001 Membuka fitur PIM: Test Cases/TC - TK 004/TC 001 Membuka fitur PIM

09-12-2024T18:12:05 - [TEST_STEP][PASSED] - callTestCase(findTestCase("TC - LW 002/TC 001 Login berhasil"), [:], STOP_ON_FAILURE): Call Test Case 'Test Cases/TC - LW 002/TC 001 Login berhasil' successfully

09-12-2024T18:12:05 - [TEST_CASE][PASSED] - Test Cases/TC - LW 002/TC 001 Login berhasil: Test Cases/TC - LW 002/TC 001 Login berhasil

09-12-2024T18:12:05 - [TEST_STEP][PASSED] - callTestCase(findTestCase("TC - OW 001/TC 001 Link website benar"), [:], STOP_ON_FAILURE): Call Test Case 'Test Cases/TC - OW 001/TC 001 Link website benar' successfully

09-12-2024T18:12:05 - [TEST_CASE][PASSED] - Test Cases/TC - OW 001/TC 001 Link website benar: Test Cases/TC - OW 001/TC 001 Link website benar

09-12-2024T18:12:05 - [TEST_STEP][PASSED] - openBrowser("https://opensource-demo.orangehrmlive.com/web/index.php/"): Browser is opened with url: 'https://opensource-demo.orangehrmlive.com/web/index.php/'

09-12-2024T18:12:05 - [MESSAGE][INFO] - Starting 'Chrome' driver

09-12-2024T18:12:05 - [MESSAGE][INFO] - Action delay is set to 0 milliseconds

09-12-2024T18:12:29 - [MESSAGE][PASSED] - Browser is opened with url: 'https://opensource-demo.orangehrmlive.com/web/index.php/'

09-12-2024T18:12:29 - [TEST_STEP][PASSED] - maximizeWindow(): Current window maximized

09-12-2024T18:12:30 - [MESSAGE][PASSED] - Current window maximized

09-12-2024T18:12:30 - [TEST_STEP][PASSED] - verifyElementPresent(findTestObject("Login/textLogin"), 0): Object 'Object Repository/Login/textLogin' is present

09-12-2024T18:12:30 - [MESSAGE][WARNING] - Timeout '0' is invalid. Using default page load timeout: '30'

09-12-2024T18:12:32 - [MESSAGE][PASSED] - Object 'Object Repository/Login/textLogin' is present

09-12-2024T18:12:32 - [MESSAGE][PASSED] - Call Test Case 'Test Cases/TC - OW 001/TC 001 Link website benar' successfully

09-12-2024T18:12:32 - [TEST_STEP][PASSED] - click(findTestObject("Login/inputUsername")): Object: 'Object Repository/Login/inputUsername' is clicked on

09-12-2024T18:12:33 - [MESSAGE][PASSED] - Object: 'Object Repository/Login/inputUsername' is clicked on

09-12-2024T18:12:33 - [TEST_STEP][PASSED] - setText(findTestObject("Login/inputUsername"), "admin"): Text 'admin' is set on object 'Object Repository/Login/inputUsername'

09-12-2024T18:12:40 - [MESSAGE][PASSED] - Text 'admin' is set on object 'Object Repository/Login/inputUsername'

09-12-2024T18:12:40 - [TEST_STEP][PASSED] - click(findTestObject("Login/inputPaasword")): Object: 'Object Repository/Login/inputPaasword' is clicked on

09-12-2024T18:12:50 - [MESSAGE][PASSED] - Object: 'Object Repository/Login/inputPaasword' is clicked on

09-12-2024T18:12:50 - [TEST_STEP][PASSED] - setText(findTestObject("Login/inputPaasword"), "admin123"): Text 'admin123' is set on object 'Object Repository/Login/inputPaasword'

09-12-2024T18:12:52 - [MESSAGE][PASSED] - Text 'admin123' is set on object 'Object Repository/Login/inputPaasword'

09-12-2024T18:12:52 - [TEST_STEP][PASSED] - click(findTestObject("Login/buttonLogin")): Object: 'Object Repository/Login/buttonLogin' is clicked on

09-12-2024T18:12:58 - [MESSAGE][PASSED] - Object: 'Object Repository/Login/buttonLogin' is clicked on

09-12-2024T18:12:58 - [TEST_STEP][PASSED] - verifyElementPresent(findTestObject("Dashboard/textDashboard"), 0): Object 'Object Repository/Dashboard/textDashboard' is present

09-12-2024T18:12:58 - [MESSAGE][WARNING] - Timeout '0' is invalid. Using default page load timeout: '30'

09-12-2024T18:13:03 - [MESSAGE][PASSED] - Object 'Object Repository/Dashboard/textDashboard' is present

09-12-2024T18:13:03 - [MESSAGE][PASSED] - Call Test Case 'Test Cases/TC - LW 002/TC 001 Login berhasil' successfully

09-12-2024T18:13:03 - [TEST_STEP][PASSED] - click(findTestObject("PIM/buttonMenupim")): Object: 'Object Repository/PIM/buttonMenupim' is clicked on

09-12-2024T18:13:06 - [MESSAGE][PASSED] - Object: 'Object Repository/PIM/buttonMenupim' is clicked on

09-12-2024T18:13:06 - [TEST_STEP][PASSED] - verifyElementPresent(findTestObject("Dashboard/textDashboard"), 0): Object 'Object Repository/Dashboard/textDashboard' is present

09-12-2024T18:13:06 - [MESSAGE][WARNING] - Timeout '0' is invalid. Using default page load timeout: '30'

09-12-2024T18:13:11 - [MESSAGE][PASSED] - Object 'Object Repository/Dashboard/textDashboard' is present

09-12-2024T18:13:11 - [MESSAGE][PASSED] - Call Test Case 'Test Cases/TC - TK 004/TC 001 Membuka fitur PIM' successfully

09-12-2024T18:13:11 - [TEST_STEP][PASSED] - click(findTestObject("Search Employee/inputUsername")): Object: 'Object Repository/Search Employee/inputUsername' is clicked on

09-12-2024T18:13:13 - [MESSAGE][PASSED] - Object: 'Object Repository/Search Employee/inputUsername' is clicked on

09-12-2024T18:13:13 - [TEST_STEP][PASSED] - setText(findTestObject("Search Employee/inputEmployeeid"), "xx231xx"): Text 'xx231xx' is set on object 'Object Repository/Search Employee/inputEmployeeid'

09-12-2024T18:13:15 - [MESSAGE][PASSED] - Text 'xx231xx' is set on object 'Object Repository/Search Employee/inputEmployeeid'

09-12-2024T18:13:15 - [TEST_STEP][PASSED] - click(findTestObject("Search Employee/inputEmployeeid")): Object: 'Object Repository/Search Employee/inputEmployeeid' is clicked on

09-12-2024T18:13:16 - [MESSAGE][PASSED] - Object: 'Object Repository/Search Employee/inputEmployeeid' is clicked on

09-12-2024T18:13:16 - [TEST_STEP][PASSED] - setText(findTestObject("Search Employee/inputEmployeeid"), "52353"): Text '52353' is set on object 'Object Repository/Search Employee/inputEmployeeid'

[...]

09-12-2024T18:28:34 - [TEST_STEP][PASSED] - click(findTestObject("Login/buttonLogin")): Object: 'Object Repository/Login/buttonLogin' is clicked on

09-12-2024T18:28:38 - [MESSAGE][PASSED] - Object: 'Object Repository/Login/buttonLogin' is clicked on

09-12-2024T18:28:38 - [TEST_STEP][PASSED] - verifyElementPresent(findTestObject("Dashboard/textDashboard"), 0): Object 'Object Repository/Dashboard/textDashboard' is present

09-12-2024T18:28:38 - [MESSAGE][WARNING] - Timeout '0' is invalid. Using default page load timeout: '30'

09-12-2024T18:28:46 - [MESSAGE][PASSED] - Object 'Object Repository/Dashboard/textDashboard' is present

09-12-2024T18:28:46 - [MESSAGE][PASSED] - Call Test Case 'Test Cases/TC - LW 002/TC 001 Login berhasil' successfully

09-12-2024T18:28:46 - [TEST_STEP][PASSED] - click(findTestObject("PIM/buttonMenupim")): Object: 'Object Repository/PIM/buttonMenupim' is clicked on

09-12-2024T18:29:07 - [MESSAGE][PASSED] - Object: 'Object Repository/PIM/buttonMenupim' is clicked on

09-12-2024T18:29:07 - [TEST_STEP][PASSED] - verifyElementPresent(findTestObject("Dashboard/textDashboard"), 0): Object 'Object Repository/Dashboard/textDashboard' is present

09-12-2024T18:29:08 - [MESSAGE][WARNING] - Timeout '0' is invalid. Using default page load timeout: '30'

09-12-2024T18:29:11 - [MESSAGE][PASSED] - Object 'Object Repository/Dashboard/textDashboard' is present

09-12-2024T18:29:11 - [MESSAGE][PASSED] - Call Test Case 'Test Cases/TC - TK 004/TC 001 Membuka fitur PIM' successfully

09-12-2024T18:29:11 - [TEST_STEP][PASSED] - click(findTestObject("Search Employee/inputUsername")): Object: 'Object Repository/Search Employee/inputUsername' is clicked on

09-12-2024T18:29:14 - [MESSAGE][PASSED] - Object: 'Object Repository/Search Employee/inputUsername' is clicked on

09-12-2024T18:29:14 - [TEST_STEP][PASSED] - click(findTestObject("Search Employee/inputEmployeeid"), STOP_ON_FAILURE): Object: 'Object Repository/Search Employee/inputEmployeeid' is clicked on

09-12-2024T18:29:15 - [MESSAGE][PASSED] - Object: 'Object Repository/Search Employee/inputEmployeeid' is clicked on

09-12-2024T18:29:15 - [TEST_STEP][PASSED] - setText(findTestObject("Search Employee/inputEmployeeid"), "060997"): Text '060997' is set on object 'Object Repository/Search Employee/inputEmployeeid'

09-12-2024T18:29:17 - [MESSAGE][PASSED] - Text '060997' is set on object 'Object Repository/Search Employee/inputEmployeeid'

09-12-2024T18:29:17 - [TEST_STEP][PASSED] - click(findTestObject("Search Employee/buttonReset")): Object: 'Object Repository/Search Employee/buttonReset' is clicked on

09-12-2024T18:29:18 - [MESSAGE][PASSED] - Object: 'Object Repository/Search Employee/buttonReset' is clicked on

09-12-2024T18:29:18 - [TEST_STEP][PASSED] - getText(findTestObject("Search Employee/inputEmployeeid")): Text of object 'Object Repository/Search Employee/inputEmployeeid' is: ''

09-12-2024T18:29:21 - [MESSAGE][PASSED] - Text of object 'Object Repository/Search Employee/inputEmployeeid' is: ''

09-12-2024T18:29:21 - [TEST_STEP][PASSED] - verifyMatch("", "", false): Actual text '' and expected text '' are matched 

09-12-2024T18:29:21 - [MESSAGE][PASSED] - Actual text '' and expected text '' are matched 

09-12-2024T18:29:21 - [TEST_STEP][PASSED] - delay(2): Delayed 2 second(s)

09-12-2024T18:29:23 - [MESSAGE][PASSED] - Delayed 2 second(s)

09-12-2024T18:29:23 - [TEST_STEP][PASSED] - closeBrowser(): Browser is closed

09-12-2024T18:29:33 - [MESSAGE][PASSED] - Browser is closed]]></system-out>
         <system-err><![CDATA[]]></system-err>
      </testcase>
      <testcase name="Test Cases/TC - CK 005/TC 018 Tombol reset menghapus value input Employee id dan Username" time="137.532" classname="Test Cases/TC - CK 005/TC 018 Tombol reset menghapus value input Employee id dan Username" status="PASSED">
         <system-out><![CDATA[09-12-2024T18:29:33 - [TEST_CASE][PASSED] - Test Cases/TC - CK 005/TC 018 Tombol reset menghapus value input Employee id dan Username: Test Cases/TC - CK 005/TC 018 Tombol reset menghapus value input Employee id dan Username

09-12-2024T18:29:35 - [TEST_STEP][PASSED] - callTestCase(findTestCase("TC - TK 004/TC 001 Membuka fitur PIM"), [:], STOP_ON_FAILURE): Call Test Case 'Test Cases/TC - TK 004/TC 001 Membuka fitur PIM' successfully

09-12-2024T18:29:35 - [TEST_CASE][PASSED] - Test Cases/TC - TK 004/TC 001 Membuka fitur PIM: Test Cases/TC - TK 004/TC 001 Membuka fitur PIM

09-12-2024T18:29:35 - [TEST_STEP][PASSED] - callTestCase(findTestCase("TC - LW 002/TC 001 Login berhasil"), [:], STOP_ON_FAILURE): Call Test Case 'Test Cases/TC - LW 002/TC 001 Login berhasil' successfully

09-12-2024T18:29:35 - [TEST_CASE][PASSED] - Test Cases/TC - LW 002/TC 001 Login berhasil: Test Cases/TC - LW 002/TC 001 Login berhasil

09-12-2024T18:29:35 - [TEST_STEP][PASSED] - callTestCase(findTestCase("TC - OW 001/TC 001 Link website benar"), [:], STOP_ON_FAILURE): Call Test Case 'Test Cases/TC - OW 001/TC 001 Link website benar' successfully

09-12-2024T18:29:35 - [TEST_CASE][PASSED] - Test Cases/TC - OW 001/TC 001 Link website benar: Test Cases/TC - OW 001/TC 001 Link website benar

09-12-2024T18:29:35 - [TEST_STEP][PASSED] - openBrowser("https://opensource-demo.orangehrmlive.com/web/index.php/"): Browser is opened with url: 'https://opensource-demo.orangehrmlive.com/web/index.php/'

09-12-2024T18:29:35 - [MESSAGE][INFO] - Starting 'Chrome' driver

09-12-2024T18:29:35 - [MESSAGE][INFO] - Action delay is set to 0 milliseconds

09-12-2024T18:30:19 - [MESSAGE][PASSED] - Browser is opened with url: 'https://opensource-demo.orangehrmlive.com/web/index.php/'

09-12-2024T18:30:19 - [TEST_STEP][PASSED] - maximizeWindow(): Current window maximized

09-12-2024T18:30:20 - [MESSAGE][PASSED] - Current window maximized

09-12-2024T18:30:20 - [TEST_STEP][PASSED] - verifyElementPresent(findTestObject("Login/textLogin"), 0): Object 'Object Repository/Login/textLogin' is present

09-12-2024T18:30:20 - [MESSAGE][WARNING] - Timeout '0' is invalid. Using default page load timeout: '30'

09-12-2024T18:30:23 - [MESSAGE][PASSED] - Object 'Object Repository/Login/textLogin' is present

09-12-2024T18:30:23 - [MESSAGE][PASSED] - Call Test Case 'Test Cases/TC - OW 001/TC 001 Link website benar' successfully

09-12-2024T18:30:23 - [TEST_STEP][PASSED] - click(findTestObject("Login/inputUsername")): Object: 'Object Repository/Login/inputUsername' is clicked on

09-12-2024T18:30:25 - [MESSAGE][PASSED] - Object: 'Object Repository/Login/inputUsername' is clicked on

09-12-2024T18:30:25 - [TEST_STEP][PASSED] - setText(findTestObject("Login/inputUsername"), "admin"): Text 'admin' is set on object 'Object Repository/Login/inputUsername'

09-12-2024T18:30:26 - [MESSAGE][PASSED] - Text 'admin' is set on object 'Object Repository/Login/inputUsername'

09-12-2024T18:30:26 - [TEST_STEP][PASSED] - click(findTestObject("Login/inputPaasword")): Object: 'Object Repository/Login/inputPaasword' is clicked on

09-12-2024T18:30:31 - [MESSAGE][PASSED] - Object: 'Object Repository/Login/inputPaasword' is clicked on

09-12-2024T18:30:31 - [TEST_STEP][PASSED] - setText(findTestObject("Login/inputPaasword"), "admin123"): Text 'admin123' is set on object 'Object Repository/Login/inputPaasword'

09-12-2024T18:30:37 - [MESSAGE][PASSED] - Text 'admin123' is set on object 'Object Repository/Login/inputPaasword'

09-12-2024T18:30:37 - [TEST_STEP][PASSED] - click(findTestObject("Login/buttonLogin")): Object: 'Object Repository/Login/buttonLogin' is clicked on

09-12-2024T18:30:47 - [MESSAGE][PASSED] - Object: 'Object Repository/Login/buttonLogin' is clicked on

09-12-2024T18:30:47 - [TEST_STEP][PASSED] - verifyElementPresent(findTestObject("Dashboard/textDashboard"), 0): Object 'Object Repository/Dashboard/textDashboard' is present

09-12-2024T18:30:48 - [MESSAGE][WARNING] - Timeout '0' is invalid. Using default page load timeout: '30'

09-12-2024T18:30:57 - [MESSAGE][PASSED] - Object 'Object Repository/Dashboard/textDashboard' is present

09-12-2024T18:30:57 - [MESSAGE][PASSED] - Call Test Case 'Test Cases/TC - LW 002/TC 001 Login berhasil' successfully

09-12-2024T18:30:57 - [TEST_STEP][PASSED] - click(findTestObject("PIM/buttonMenupim")): Object: 'Object Repository/PIM/buttonMenupim' is clicked on

09-12-2024T18:31:11 - [MESSAGE][PASSED] - Object: 'Object Repository/PIM/buttonMenupim' is clicked on

09-12-2024T18:31:12 - [TEST_STEP][PASSED] - verifyElementPresent(findTestObject("Dashboard/textDashboard"), 0): Object 'Object Repository/Dashboard/textDashboard' is present

09-12-2024T18:31:12 - [MESSAGE][WARNING] - Timeout '0' is invalid. Using default page load timeout: '30'

09-12-2024T18:31:18 - [MESSAGE][PASSED] - Object 'Object Repository/Dashboard/textDashboard' is present

09-12-2024T18:31:18 - [MESSAGE][PASSED] - Call Test Case 'Test Cases/TC - TK 004/TC 001 Membuka fitur PIM' successfully

09-12-2024T18:31:19 - [TEST_STEP][PASSED] - click(findTestObject("Search Employee/inputUsername")): Object: 'Object Repository/Search Employee/inputUsername' is clicked on

09-12-2024T18:31:26 - [MESSAGE][PASSED] - Object: 'Object Repository/Search Employee/inputUsername' is clicked on

09-12-2024T18:31:26 - [TEST_STEP][PASSED] - setText(findTestObject("Search Employee/inputUsername"), "rafki mustafa"): Text 'rafki mustafa' is set on object 'Object Repository/Search Employee/inputUsername'

09-12-2024T18:31:29 - [MESSAGE][PASSED] - Text 'rafki mustafa' is set on object 'Object Repository/Search Employee/inputUsername'

09-12-2024T18:31:29 - [TEST_STEP][PASSED] - click(findTestObject("Search Employee/inputEmployeeid")): Object: 'Object Repository/Search Employee/inputEmployeeid' is clicked on

09-12-2024T18:31:31 - [MESSAGE][PASSED] - Object: 'Object Repository/Search Employee/inputEmployeeid' is clicked on

09-12-2024T18:31:31 - [TEST_STEP][PASSED] - setText(findTestObject("Search Employee/inputEmployeeid"), "060997"): Text '060997' is set on object 'Object Repository/Search Employee/inputEmployeeid'

09-12-2024T18:31:36 - [MESSAGE][PASSED] - Text '060997' is set on object 'Object Repository/Search Employee/inputEmployeeid'

09-12-2024T18:31:36 - [TEST_STEP][PASSED] - click(findTestObject("Search Employee/buttonReset")): Object: 'Object Repository/Search Employee/buttonReset' is clicked on

09-12-2024T18:31:41 - [MESSAGE][PASSED] - Object: 'Object Repository/Search Employee/buttonReset' is clicked on

09-12-2024T18:31:41 - [TEST_STEP][PASSED] - getText(findTestObject("Search Employee/inputEmployeeid")): Text of object 'Object Repository/Search Employee/inputEmployeeid' is: ''

09-12-2024T18:31:44 - [MESSAGE][PASSED] - Text of object 'Object Repository/Search Employee/inputEmployeeid' is: ''

09-12-2024T18:31:44 - [TEST_STEP][PASSED] - verifyMatch("", "", false): Actual text '' and expected text '' are matched 

09-12-2024T18:31:44 - [MESSAGE][PASSED] - Actual text '' and expected text '' are matched 

09-12-2024T18:31:44 - [TEST_STEP][PASSED] - delay(2): Delayed 2 second(s)

09-12-2024T18:31:46 - [MESSAGE][PASSED] - Delayed 2 second(s)

09-12-2024T18:31:46 - [TEST_STEP][PASSED] - closeBrowser(): Browser is closed

09-12-2024T18:31:50 - [MESSAGE][PASSED] - Browser is closed]]></system-out>
         <system-err><![CDATA[]]></system-err>
      </testcase>
      <testcase name="Test Cases/TC - CK 005/TC 019 Tombol reset Melakukan load ulang employee list" time="106.636" classname="Test Cases/TC - CK 005/TC 019 Tombol reset Melakukan load ulang employee list" status="PASSED">
         <system-out><![CDATA[09-12-2024T18:31:50 - [TEST_CASE][PASSED] - Test Cases/TC - CK 005/TC 019 Tombol reset Melakukan load ulang employee list: Test Cases/TC - CK 005/TC 019 Tombol reset Melakukan load ulang employee list

09-12-2024T18:31:51 - [TEST_STEP][PASSED] - callTestCase(findTestCase("TC - TK 004/TC 001 Membuka fitur PIM"), [:], STOP_ON_FAILURE): Call Test Case 'Test Cases/TC - TK 004/TC 001 Membuka fitur PIM' successfully

09-12-2024T18:31:51 - [TEST_CASE][PASSED] - Test Cases/TC - TK 004/TC 001 Membuka fitur PIM: Test Cases/TC - TK 004/TC 001 Membuka fitur PIM

09-12-2024T18:31:51 - [TEST_STEP][PASSED] - callTestCase(findTestCase("TC - LW 002/TC 001 Login berhasil"), [:], STOP_ON_FAILURE): Call Test Case 'Test Cases/TC - LW 002/TC 001 Login berhasil' successfully

09-12-2024T18:31:51 - [TEST_CASE][PASSED] - Test Cases/TC - LW 002/TC 001 Login berhasil: Test Cases/TC - LW 002/TC 001 Login berhasil

09-12-2024T18:31:52 - [TEST_STEP][PASSED] - callTestCase(findTestCase("TC - OW 001/TC 001 Link website benar"), [:], STOP_ON_FAILURE): Call Test Case 'Test Cases/TC - OW 001/TC 001 Link website benar' successfully

09-12-2024T18:31:52 - [TEST_CASE][PASSED] - Test Cases/TC - OW 001/TC 001 Link website benar: Test Cases/TC - OW 001/TC 001 Link website benar

09-12-2024T18:31:52 - [TEST_STEP][PASSED] - openBrowser("https://opensource-demo.orangehrmlive.com/web/index.php/"): Browser is opened with url: 'https://opensource-demo.orangehrmlive.com/web/index.php/'

09-12-2024T18:31:52 - [MESSAGE][INFO] - Starting 'Chrome' driver

09-12-2024T18:31:52 - [MESSAGE][INFO] - Action delay is set to 0 milliseconds

09-12-2024T18:32:26 - [MESSAGE][PASSED] - Browser is opened with url: 'https://opensource-demo.orangehrmlive.com/web/index.php/'

09-12-2024T18:32:26 - [TEST_STEP][PASSED] - maximizeWindow(): Current window maximized

09-12-2024T18:32:26 - [MESSAGE][PASSED] - Current window maximized

09-12-2024T18:32:26 - [TEST_STEP][PASSED] - verifyElementPresent(findTestObject("Login/textLogin"), 0): Object 'Object Repository/Login/textLogin' is present

09-12-2024T18:32:26 - [MESSAGE][WARNING] - Timeout '0' is invalid. Using default page load timeout: '30'

09-12-2024T18:32:30 - [MESSAGE][PASSED] - Object 'Object Repository/Login/textLogin' is present

09-12-2024T18:32:30 - [MESSAGE][PASSED] - Call Test Case 'Test Cases/TC - OW 001/TC 001 Link website benar' successfully

09-12-2024T18:32:30 - [TEST_STEP][PASSED] - click(findTestObject("Login/inputUsername")): Object: 'Object Repository/Login/inputUsername' is clicked on

09-12-2024T18:32:31 - [MESSAGE][PASSED] - Object: 'Object Repository/Login/inputUsername' is clicked on

09-12-2024T18:32:31 - [TEST_STEP][PASSED] - setText(findTestObject("Login/inputUsername"), "admin"): Text 'admin' is set on object 'Object Repository/Login/inputUsername'

09-12-2024T18:32:34 - [MESSAGE][PASSED] - Text 'admin' is set on object 'Object Repository/Login/inputUsername'

09-12-2024T18:32:34 - [TEST_STEP][PASSED] - click(findTestObject("Login/inputPaasword")): Object: 'Object Repository/Login/inputPaasword' is clicked on

09-12-2024T18:32:35 - [MESSAGE][PASSED] - Object: 'Object Repository/Login/inputPaasword' is clicked on

09-12-2024T18:32:35 - [TEST_STEP][PASSED] - setText(findTestObject("Login/inputPaasword"), "admin123"): Text 'admin123' is set on object 'Object Repository/Login/inputPaasword'

09-12-2024T18:32:37 - [MESSAGE][PASSED] - Text 'admin123' is set on object 'Object Repository/Login/inputPaasword'

09-12-2024T18:32:37 - [TEST_STEP][PASSED] - click(findTestObject("Login/buttonLogin")): Object: 'Object Repository/Login/buttonLogin' is clicked on

09-12-2024T18:32:42 - [MESSAGE][PASSED] - Object: 'Object Repository/Login/buttonLogin' is clicked on

09-12-2024T18:32:42 - [TEST_STEP][PASSED] - verifyElementPresent(findTestObject("Dashboard/textDashboard"), 0): Object 'Object Repository/Dashboard/textDashboard' is present

09-12-2024T18:32:42 - [MESSAGE][WARNING] - Timeout '0' is invalid. Using default page load timeout: '30'

09-12-2024T18:32:50 - [MESSAGE][PASSED] - Object 'Object Repository/Dashboard/textDashboard' is present

09-12-2024T18:32:50 - [MESSAGE][PASSED] - Call Test Case 'Test Cases/TC - LW 002/TC 001 Login berhasil' successfully

09-12-2024T18:32:51 - [TEST_STEP][PASSED] - click(findTestObject("PIM/buttonMenupim")): Object: 'Object Repository/PIM/buttonMenupim' is clicked on

09-12-2024T18:33:03 - [MESSAGE][PASSED] - Object: 'Object Repository/PIM/buttonMenupim' is clicked on

09-12-2024T18:33:04 - [TEST_STEP][PASSED] - verifyElementPresent(findTestObject("Dashboard/textDashboard"), 0): Object 'Object Repository/Dashboard/textDashboard' is present

09-12-2024T18:33:04 - [MESSAGE][WARNING] - Timeout '0' is invalid. Using default page load timeout: '30'

09-12-2024T18:33:08 - [MESSAGE][PASSED] - Object 'Object Repository/Dashboard/textDashboard' is present

09-12-2024T18:33:08 - [MESSAGE][PASSED] - Call Test Case 'Test Cases/TC - TK 004/TC 001 Membuka fitur PIM' successfully

09-12-2024T18:33:08 - [TEST_STEP][PASSED] - click(findTestObject("Search Employee/inputUsername")): Object: 'Object Repository/Search Employee/inputUsername' is clicked on

09-12-2024T18:33:10 - [MESSAGE][PASSED] - Object: 'Object Repository/Search Employee/inputUsername' is clicked on

09-12-2024T18:33:10 - [TEST_STEP][PASSED] - setText(findTestObject("Search Employee/inputUsername"), "rafki mustafa"): Text 'rafki mustafa' is set on object 'Object Repository/Search Employee/inputUsername'

09-12-2024T18:33:13 - [MESSAGE][PASSED] - Text 'rafki mustafa' is set on object 'Object Repository/Search Employee/inputUsername'

09-12-2024T18:33:13 - [TEST_STEP][PASSED] - click(findTestObject("Search Employee/inputEmployeeid")): Object: 'Object Repository/Search Employee/inputEmployeeid' is clicked on

09-12-2024T18:33:14 - [MESSAGE][PASSED] - Object: 'Object Repository/Search Employee/inputEmployeeid' is clicked on

09-12-2024T18:33:14 - [TEST_STEP][PASSED] - setText(findTestObject("Search Employee/inputEmployeeid"), "060997"): Text '060997' is set on object 'Object Repository/Search Employee/inputEmployeeid'

09-12-2024T18:33:15 - [MESSAGE][PASSED] - Text '060997' is set on object 'Object Repository/Search Employee/inputEmployeeid'

09-12-2024T18:33:15 - [TEST_STEP][PASSED] - delay(2): Delayed 2 second(s)

09-12-2024T18:33:17 - [MESSAGE][PASSED] - Delayed 2 second(s)

09-12-2024T18:33:17 - [TEST_STEP][PASSED] - click(findTestObject("Search Employee/buttonReset")): Object: 'Object Repository/Search Employee/buttonReset' is clicked on

09-12-2024T18:33:24 - [MESSAGE][PASSED] - Object: 'Object Repository/Search Employee/buttonReset' is clicked on

09-12-2024T18:33:24 - [TEST_STEP][PASSED] - scrollToElement(findTestObject("Search Employee/tableEmployee"), 0): Scroll to object 'Object Repository/Search Employee/tableEmployee' successfully

09-12-2024T18:33:24 - [MESSAGE][WARNING] - Timeout '0' is invalid. Using default page load timeout: '30'

09-12-2024T18:33:27 - [MESSAGE][PASSED] - Scroll to object 'Object Repository/Search Employee/tableEmployee' successfully

09-12-2024T18:33:27 - [TEST_STEP][PASSED] - waitForElementPresent(findTestObject("Search Employee/tableEmployee"), 0): Object 'Object Repository/Search Employee/tableEmployee' is present

09-12-2024T18:33:27 - [MESSAGE][WARNING] - Timeout '0' is invalid. Using default page load timeout: '30'

09-12-2024T18:33:27 - [MESSAGE][PASSED] - Object 'Object Repository/Search Employee/tableEmployee' is present

09-12-2024T18:33:27 - [TEST_STEP][PASSED] - getText(findTestObject("Search Employee/inputEmployeeid")): Text of object 'Object Repository/Search Employee/inputEmployeeid' is: ''

09-12-2024T18:33:28 - [MESSAGE][PASSED] - Text of object 'Object Repository/Search Employee/inputEmployeeid' is: ''

09-12-2024T18:33:28 - [TEST_STEP][PASSED] - verifyMatch("", "", false): Actual text '' and expected text '' are matched 

09-12-2024T18:33:28 - [MESSAGE][PASSED] - Actual text '' and expected text '' are matched 

09-12-2024T18:33:28 - [TEST_STEP][PASSED] - closeBrowser(): Browser is closed

09-12-2024T18:33:37 - [MESSAGE][PASSED] - Browser is closed]]></system-out>
         <system-err><![CDATA[]]></system-err>
      </testcase>
      <system-out><![CDATA[09-12-2024T18:00:11 - [TEST_SUITE][PASSED] - Cari data karyawan: Test Cases/TC - CK 005/TC 019 Tombol reset Melakukan load ulang employee list]]></system-out>
      <system-err><![CDATA[]]></system-err>
   </testsuite>
</testsuites>
